[0.106s] DEBUG:colcon:Command line arguments: ['/usr/bin/colcon', 'build']
[0.106s] DEBUG:colcon:Parsed command line arguments: Namespace(log_base=None, log_level=None, verb_name='build', build_base='build', install_base='install', merge_install=False, symlink_install=False, test_result_base=None, continue_on_error=False, executor='parallel', parallel_workers=20, event_handlers=None, ignore_user_meta=False, metas=['./colcon.meta'], base_paths=['.'], packages_ignore=None, packages_ignore_regex=None, paths=None, packages_up_to=None, packages_up_to_regex=None, packages_above=None, packages_above_and_dependencies=None, packages_above_depth=None, packages_select_by_dep=None, packages_skip_by_dep=None, packages_skip_up_to=None, packages_select_build_failed=False, packages_skip_build_finished=False, packages_select_test_failures=False, packages_skip_test_passed=False, packages_select=None, packages_skip=None, packages_select_regex=None, packages_skip_regex=None, packages_start=None, packages_end=None, allow_overriding=[], cmake_args=None, cmake_target=None, cmake_target_skip_unavailable=False, cmake_clean_cache=False, cmake_clean_first=False, cmake_force_configure=False, ament_cmake_args=None, catkin_cmake_args=None, catkin_skip_building_tests=False, verb_parser=<colcon_defaults.argument_parser.defaults.DefaultArgumentsDecorator object at 0x703f0749ee30>, verb_extension=<colcon_core.verb.build.BuildVerb object at 0x703f0749e530>, main=<bound method BuildVerb.main of <colcon_core.verb.build.BuildVerb object at 0x703f0749e530>>)
[0.288s] Level 1:colcon.colcon_core.package_discovery:discover_packages(colcon_meta) check parameters
[0.288s] Level 1:colcon.colcon_core.package_discovery:discover_packages(recursive) check parameters
[0.288s] Level 1:colcon.colcon_core.package_discovery:discover_packages(ignore) check parameters
[0.288s] Level 1:colcon.colcon_core.package_discovery:discover_packages(path) check parameters
[0.289s] Level 1:colcon.colcon_core.package_discovery:discover_packages(colcon_meta) discover
[0.289s] Level 1:colcon.colcon_core.package_discovery:discover_packages(recursive) discover
[0.289s] INFO:colcon.colcon_core.package_discovery:Crawling recursively for packages in '/home/olympusforge/Drone_PS/px4_nmpc_ws'
[0.289s] Level 1:colcon.colcon_core.package_identification:_identify(.) by extensions ['ignore', 'ignore_ament_install']
[0.289s] Level 1:colcon.colcon_core.package_identification:_identify(.) by extension 'ignore'
[0.289s] Level 1:colcon.colcon_core.package_identification:_identify(.) by extension 'ignore_ament_install'
[0.289s] Level 1:colcon.colcon_core.package_identification:_identify(.) by extensions ['colcon_pkg']
[0.289s] Level 1:colcon.colcon_core.package_identification:_identify(.) by extension 'colcon_pkg'
[0.289s] Level 1:colcon.colcon_core.package_identification:_identify(.) by extensions ['colcon_meta']
[0.289s] Level 1:colcon.colcon_core.package_identification:_identify(.) by extension 'colcon_meta'
[0.289s] Level 1:colcon.colcon_core.package_identification:_identify(.) by extensions ['ros']
[0.289s] Level 1:colcon.colcon_core.package_identification:_identify(.) by extension 'ros'
[0.301s] Level 1:colcon.colcon_core.package_identification:_identify(.) by extensions ['cmake', 'python']
[0.301s] Level 1:colcon.colcon_core.package_identification:_identify(.) by extension 'cmake'
[0.301s] Level 1:colcon.colcon_core.package_identification:_identify(.) by extension 'python'
[0.302s] Level 1:colcon.colcon_core.package_identification:_identify(.) by extensions ['python_setup_py']
[0.302s] Level 1:colcon.colcon_core.package_identification:_identify(.) by extension 'python_setup_py'
[0.302s] Level 1:colcon.colcon_core.package_identification:_identify(build) by extensions ['ignore', 'ignore_ament_install']
[0.302s] Level 1:colcon.colcon_core.package_identification:_identify(build) by extension 'ignore'
[0.302s] Level 1:colcon.colcon_core.package_identification:_identify(build) ignored
[0.302s] Level 1:colcon.colcon_core.package_identification:_identify(install) by extensions ['ignore', 'ignore_ament_install']
[0.302s] Level 1:colcon.colcon_core.package_identification:_identify(install) by extension 'ignore'
[0.302s] Level 1:colcon.colcon_core.package_identification:_identify(install) ignored
[0.302s] Level 1:colcon.colcon_core.package_identification:_identify(log) by extensions ['ignore', 'ignore_ament_install']
[0.302s] Level 1:colcon.colcon_core.package_identification:_identify(log) by extension 'ignore'
[0.302s] Level 1:colcon.colcon_core.package_identification:_identify(log) ignored
[0.302s] Level 1:colcon.colcon_core.package_identification:_identify(src) by extensions ['ignore', 'ignore_ament_install']
[0.302s] Level 1:colcon.colcon_core.package_identification:_identify(src) by extension 'ignore'
[0.302s] Level 1:colcon.colcon_core.package_identification:_identify(src) by extension 'ignore_ament_install'
[0.302s] Level 1:colcon.colcon_core.package_identification:_identify(src) by extensions ['colcon_pkg']
[0.302s] Level 1:colcon.colcon_core.package_identification:_identify(src) by extension 'colcon_pkg'
[0.302s] Level 1:colcon.colcon_core.package_identification:_identify(src) by extensions ['colcon_meta']
[0.302s] Level 1:colcon.colcon_core.package_identification:_identify(src) by extension 'colcon_meta'
[0.302s] Level 1:colcon.colcon_core.package_identification:_identify(src) by extensions ['ros']
[0.302s] Level 1:colcon.colcon_core.package_identification:_identify(src) by extension 'ros'
[0.302s] Level 1:colcon.colcon_core.package_identification:_identify(src) by extensions ['cmake', 'python']
[0.302s] Level 1:colcon.colcon_core.package_identification:_identify(src) by extension 'cmake'
[0.302s] Level 1:colcon.colcon_core.package_identification:_identify(src) by extension 'python'
[0.302s] Level 1:colcon.colcon_core.package_identification:_identify(src) by extensions ['python_setup_py']
[0.302s] Level 1:colcon.colcon_core.package_identification:_identify(src) by extension 'python_setup_py'
[0.302s] Level 1:colcon.colcon_core.package_identification:_identify(src/Micro-XRCE-DDS-Agent) by extensions ['ignore', 'ignore_ament_install']
[0.303s] Level 1:colcon.colcon_core.package_identification:_identify(src/Micro-XRCE-DDS-Agent) by extension 'ignore'
[0.303s] Level 1:colcon.colcon_core.package_identification:_identify(src/Micro-XRCE-DDS-Agent) by extension 'ignore_ament_install'
[0.303s] Level 1:colcon.colcon_core.package_identification:_identify(src/Micro-XRCE-DDS-Agent) by extensions ['colcon_pkg']
[0.303s] Level 1:colcon.colcon_core.package_identification:_identify(src/Micro-XRCE-DDS-Agent) by extension 'colcon_pkg'
[0.303s] INFO:colcon.colcon_metadata.metadata.colcon_pkg:Setting type 'cmake' of package 'src/Micro-XRCE-DDS-Agent' from colcon.pkg
[0.303s] INFO:colcon.colcon_metadata.metadata.colcon_pkg:Setting name 'microxrcedds_agent' of package 'src/Micro-XRCE-DDS-Agent' from colcon.pkg
[0.303s] DEBUG:colcon.colcon_core.package_identification:Package 'src/Micro-XRCE-DDS-Agent' with type 'cmake' and name 'microxrcedds_agent'
[0.303s] Level 1:colcon.colcon_core.package_identification:_identify(src/nmpc_core) by extensions ['ignore', 'ignore_ament_install']
[0.303s] Level 1:colcon.colcon_core.package_identification:_identify(src/nmpc_core) by extension 'ignore'
[0.303s] Level 1:colcon.colcon_core.package_identification:_identify(src/nmpc_core) by extension 'ignore_ament_install'
[0.303s] Level 1:colcon.colcon_core.package_identification:_identify(src/nmpc_core) by extensions ['colcon_pkg']
[0.303s] Level 1:colcon.colcon_core.package_identification:_identify(src/nmpc_core) by extension 'colcon_pkg'
[0.303s] Level 1:colcon.colcon_core.package_identification:_identify(src/nmpc_core) by extensions ['colcon_meta']
[0.303s] Level 1:colcon.colcon_core.package_identification:_identify(src/nmpc_core) by extension 'colcon_meta'
[0.303s] Level 1:colcon.colcon_core.package_identification:_identify(src/nmpc_core) by extensions ['ros']
[0.303s] Level 1:colcon.colcon_core.package_identification:_identify(src/nmpc_core) by extension 'ros'
[0.305s] DEBUG:colcon.colcon_core.package_identification:Package 'src/nmpc_core' with type 'ros.ament_cmake' and name 'nmpc_core'
[0.305s] Level 1:colcon.colcon_core.package_identification:_identify(src/px4_msgs) by extensions ['ignore', 'ignore_ament_install']
[0.305s] Level 1:colcon.colcon_core.package_identification:_identify(src/px4_msgs) by extension 'ignore'
[0.305s] Level 1:colcon.colcon_core.package_identification:_identify(src/px4_msgs) by extension 'ignore_ament_install'
[0.305s] Level 1:colcon.colcon_core.package_identification:_identify(src/px4_msgs) by extensions ['colcon_pkg']
[0.305s] Level 1:colcon.colcon_core.package_identification:_identify(src/px4_msgs) by extension 'colcon_pkg'
[0.305s] Level 1:colcon.colcon_core.package_identification:_identify(src/px4_msgs) by extensions ['colcon_meta']
[0.305s] Level 1:colcon.colcon_core.package_identification:_identify(src/px4_msgs) by extension 'colcon_meta'
[0.305s] Level 1:colcon.colcon_core.package_identification:_identify(src/px4_msgs) by extensions ['ros']
[0.305s] Level 1:colcon.colcon_core.package_identification:_identify(src/px4_msgs) by extension 'ros'
[0.306s] DEBUG:colcon.colcon_core.package_identification:Package 'src/px4_msgs' with type 'ros.ament_cmake' and name 'px4_msgs'
[0.306s] Level 1:colcon.colcon_core.package_identification:_identify(src/px4_nmpc_casadi) by extensions ['ignore', 'ignore_ament_install']
[0.306s] Level 1:colcon.colcon_core.package_identification:_identify(src/px4_nmpc_casadi) by extension 'ignore'
[0.306s] Level 1:colcon.colcon_core.package_identification:_identify(src/px4_nmpc_casadi) by extension 'ignore_ament_install'
[0.306s] Level 1:colcon.colcon_core.package_identification:_identify(src/px4_nmpc_casadi) by extensions ['colcon_pkg']
[0.306s] Level 1:colcon.colcon_core.package_identification:_identify(src/px4_nmpc_casadi) by extension 'colcon_pkg'
[0.306s] Level 1:colcon.colcon_core.package_identification:_identify(src/px4_nmpc_casadi) by extensions ['colcon_meta']
[0.306s] Level 1:colcon.colcon_core.package_identification:_identify(src/px4_nmpc_casadi) by extension 'colcon_meta'
[0.306s] Level 1:colcon.colcon_core.package_identification:_identify(src/px4_nmpc_casadi) by extensions ['ros']
[0.306s] Level 1:colcon.colcon_core.package_identification:_identify(src/px4_nmpc_casadi) by extension 'ros'
[0.307s] DEBUG:colcon.colcon_core.package_identification:Package 'src/px4_nmpc_casadi' with type 'ros.ament_python' and name 'px4_nmpc_casadi'
[0.307s] Level 1:colcon.colcon_core.package_identification:_identify(src/px4_ros_com) by extensions ['ignore', 'ignore_ament_install']
[0.307s] Level 1:colcon.colcon_core.package_identification:_identify(src/px4_ros_com) by extension 'ignore'
[0.307s] Level 1:colcon.colcon_core.package_identification:_identify(src/px4_ros_com) by extension 'ignore_ament_install'
[0.307s] Level 1:colcon.colcon_core.package_identification:_identify(src/px4_ros_com) by extensions ['colcon_pkg']
[0.307s] Level 1:colcon.colcon_core.package_identification:_identify(src/px4_ros_com) by extension 'colcon_pkg'
[0.307s] Level 1:colcon.colcon_core.package_identification:_identify(src/px4_ros_com) by extensions ['colcon_meta']
[0.307s] Level 1:colcon.colcon_core.package_identification:_identify(src/px4_ros_com) by extension 'colcon_meta'
[0.307s] Level 1:colcon.colcon_core.package_identification:_identify(src/px4_ros_com) by extensions ['ros']
[0.307s] Level 1:colcon.colcon_core.package_identification:_identify(src/px4_ros_com) by extension 'ros'
[0.308s] DEBUG:colcon.colcon_core.package_identification:Package 'src/px4_ros_com' with type 'ros.ament_cmake' and name 'px4_ros_com'
[0.308s] Level 1:colcon.colcon_core.package_discovery:discover_packages(recursive) using defaults
[0.308s] Level 1:colcon.colcon_core.package_discovery:discover_packages(ignore) discover
[0.308s] Level 1:colcon.colcon_core.package_discovery:discover_packages(ignore) using defaults
[0.308s] Level 1:colcon.colcon_core.package_discovery:discover_packages(path) discover
[0.308s] Level 1:colcon.colcon_core.package_discovery:discover_packages(path) using defaults
[0.325s] INFO:colcon.colcon_metadata.metadata.colcon_pkg:Updating descriptor of package 'src/Micro-XRCE-DDS-Agent' from colcon.pkg: {'name': 'microxrcedds_agent', 'type': 'cmake', 'dependencies': ['fastcdr', 'fastrtps'], 'cmake-args': ['-DUAGENT_ISOLATED_INSTALL=OFF', '-DUAGENT_USE_SYSTEM_FASTCDR=ON', '-DUAGENT_USE_SYSTEM_FASTDDS=ON']}
[0.326s] Level 1:colcon.colcon_core.package_discovery:discover_packages(prefix_path) check parameters
[0.326s] Level 1:colcon.colcon_core.package_discovery:discover_packages(prefix_path) discover
[0.328s] DEBUG:colcon.colcon_installed_package_information.package_discovery:Found 371 installed packages in /opt/ros/humble
[0.329s] Level 1:colcon.colcon_core.package_discovery:discover_packages(prefix_path) using defaults
[0.352s] Level 5:colcon.colcon_core.verb:set package 'microxrcedds_agent' build argument 'cmake_args' from command line to 'None'
[0.352s] Level 5:colcon.colcon_core.verb:overwrite package 'microxrcedds_agent' build argument 'cmake_args' from package metadata with '['-DUAGENT_ISOLATED_INSTALL=OFF', '-DUAGENT_USE_SYSTEM_FASTCDR=ON', '-DUAGENT_USE_SYSTEM_FASTDDS=ON']' (before: 'None')
[0.352s] Level 5:colcon.colcon_core.verb:set package 'microxrcedds_agent' build argument 'cmake_target' from command line to 'None'
[0.352s] Level 5:colcon.colcon_core.verb:set package 'microxrcedds_agent' build argument 'cmake_target_skip_unavailable' from command line to 'False'
[0.352s] Level 5:colcon.colcon_core.verb:set package 'microxrcedds_agent' build argument 'cmake_clean_cache' from command line to 'False'
[0.352s] Level 5:colcon.colcon_core.verb:set package 'microxrcedds_agent' build argument 'cmake_clean_first' from command line to 'False'
[0.352s] Level 5:colcon.colcon_core.verb:set package 'microxrcedds_agent' build argument 'cmake_force_configure' from command line to 'False'
[0.352s] Level 5:colcon.colcon_core.verb:set package 'microxrcedds_agent' build argument 'ament_cmake_args' from command line to 'None'
[0.352s] Level 5:colcon.colcon_core.verb:set package 'microxrcedds_agent' build argument 'catkin_cmake_args' from command line to 'None'
[0.352s] Level 5:colcon.colcon_core.verb:set package 'microxrcedds_agent' build argument 'catkin_skip_building_tests' from command line to 'False'
[0.352s] DEBUG:colcon.colcon_core.verb:Building package 'microxrcedds_agent' with the following arguments: {'ament_cmake_args': None, 'build_base': '/home/olympusforge/Drone_PS/px4_nmpc_ws/build/microxrcedds_agent', 'catkin_cmake_args': None, 'catkin_skip_building_tests': False, 'cmake_args': ['-DUAGENT_ISOLATED_INSTALL=OFF', '-DUAGENT_USE_SYSTEM_FASTCDR=ON', '-DUAGENT_USE_SYSTEM_FASTDDS=ON'], 'cmake_clean_cache': False, 'cmake_clean_first': False, 'cmake_force_configure': False, 'cmake_target': None, 'cmake_target_skip_unavailable': False, 'install_base': '/home/olympusforge/Drone_PS/px4_nmpc_ws/install/microxrcedds_agent', 'merge_install': False, 'path': '/home/olympusforge/Drone_PS/px4_nmpc_ws/src/Micro-XRCE-DDS-Agent', 'symlink_install': False, 'test_result_base': None}
[0.352s] Level 5:colcon.colcon_core.verb:set package 'nmpc_core' build argument 'cmake_args' from command line to 'None'
[0.352s] Level 5:colcon.colcon_core.verb:set package 'nmpc_core' build argument 'cmake_target' from command line to 'None'
[0.352s] Level 5:colcon.colcon_core.verb:set package 'nmpc_core' build argument 'cmake_target_skip_unavailable' from command line to 'False'
[0.352s] Level 5:colcon.colcon_core.verb:set package 'nmpc_core' build argument 'cmake_clean_cache' from command line to 'False'
[0.352s] Level 5:colcon.colcon_core.verb:set package 'nmpc_core' build argument 'cmake_clean_first' from command line to 'False'
[0.352s] Level 5:colcon.colcon_core.verb:set package 'nmpc_core' build argument 'cmake_force_configure' from command line to 'False'
[0.352s] Level 5:colcon.colcon_core.verb:set package 'nmpc_core' build argument 'ament_cmake_args' from command line to 'None'
[0.352s] Level 5:colcon.colcon_core.verb:set package 'nmpc_core' build argument 'catkin_cmake_args' from command line to 'None'
[0.352s] Level 5:colcon.colcon_core.verb:set package 'nmpc_core' build argument 'catkin_skip_building_tests' from command line to 'False'
[0.352s] DEBUG:colcon.colcon_core.verb:Building package 'nmpc_core' with the following arguments: {'ament_cmake_args': None, 'build_base': '/home/olympusforge/Drone_PS/px4_nmpc_ws/build/nmpc_core', 'catkin_cmake_args': None, 'catkin_skip_building_tests': False, 'cmake_args': None, 'cmake_clean_cache': False, 'cmake_clean_first': False, 'cmake_force_configure': False, 'cmake_target': None, 'cmake_target_skip_unavailable': False, 'install_base': '/home/olympusforge/Drone_PS/px4_nmpc_ws/install/nmpc_core', 'merge_install': False, 'path': '/home/olympusforge/Drone_PS/px4_nmpc_ws/src/nmpc_core', 'symlink_install': False, 'test_result_base': None}
[0.353s] Level 5:colcon.colcon_core.verb:set package 'px4_msgs' build argument 'cmake_args' from command line to 'None'
[0.353s] Level 5:colcon.colcon_core.verb:set package 'px4_msgs' build argument 'cmake_target' from command line to 'None'
[0.353s] Level 5:colcon.colcon_core.verb:set package 'px4_msgs' build argument 'cmake_target_skip_unavailable' from command line to 'False'
[0.353s] Level 5:colcon.colcon_core.verb:set package 'px4_msgs' build argument 'cmake_clean_cache' from command line to 'False'
[0.353s] Level 5:colcon.colcon_core.verb:set package 'px4_msgs' build argument 'cmake_clean_first' from command line to 'False'
[0.353s] Level 5:colcon.colcon_core.verb:set package 'px4_msgs' build argument 'cmake_force_configure' from command line to 'False'
[0.353s] Level 5:colcon.colcon_core.verb:set package 'px4_msgs' build argument 'ament_cmake_args' from command line to 'None'
[0.353s] Level 5:colcon.colcon_core.verb:set package 'px4_msgs' build argument 'catkin_cmake_args' from command line to 'None'
[0.353s] Level 5:colcon.colcon_core.verb:set package 'px4_msgs' build argument 'catkin_skip_building_tests' from command line to 'False'
[0.353s] DEBUG:colcon.colcon_core.verb:Building package 'px4_msgs' with the following arguments: {'ament_cmake_args': None, 'build_base': '/home/olympusforge/Drone_PS/px4_nmpc_ws/build/px4_msgs', 'catkin_cmake_args': None, 'catkin_skip_building_tests': False, 'cmake_args': None, 'cmake_clean_cache': False, 'cmake_clean_first': False, 'cmake_force_configure': False, 'cmake_target': None, 'cmake_target_skip_unavailable': False, 'install_base': '/home/olympusforge/Drone_PS/px4_nmpc_ws/install/px4_msgs', 'merge_install': False, 'path': '/home/olympusforge/Drone_PS/px4_nmpc_ws/src/px4_msgs', 'symlink_install': False, 'test_result_base': None}
[0.353s] Level 5:colcon.colcon_core.verb:set package 'px4_nmpc_casadi' build argument 'cmake_args' from command line to 'None'
[0.353s] Level 5:colcon.colcon_core.verb:set package 'px4_nmpc_casadi' build argument 'cmake_target' from command line to 'None'
[0.353s] Level 5:colcon.colcon_core.verb:set package 'px4_nmpc_casadi' build argument 'cmake_target_skip_unavailable' from command line to 'False'
[0.353s] Level 5:colcon.colcon_core.verb:set package 'px4_nmpc_casadi' build argument 'cmake_clean_cache' from command line to 'False'
[0.353s] Level 5:colcon.colcon_core.verb:set package 'px4_nmpc_casadi' build argument 'cmake_clean_first' from command line to 'False'
[0.353s] Level 5:colcon.colcon_core.verb:set package 'px4_nmpc_casadi' build argument 'cmake_force_configure' from command line to 'False'
[0.353s] Level 5:colcon.colcon_core.verb:set package 'px4_nmpc_casadi' build argument 'ament_cmake_args' from command line to 'None'
[0.353s] Level 5:colcon.colcon_core.verb:set package 'px4_nmpc_casadi' build argument 'catkin_cmake_args' from command line to 'None'
[0.353s] Level 5:colcon.colcon_core.verb:set package 'px4_nmpc_casadi' build argument 'catkin_skip_building_tests' from command line to 'False'
[0.353s] DEBUG:colcon.colcon_core.verb:Building package 'px4_nmpc_casadi' with the following arguments: {'ament_cmake_args': None, 'build_base': '/home/olympusforge/Drone_PS/px4_nmpc_ws/build/px4_nmpc_casadi', 'catkin_cmake_args': None, 'catkin_skip_building_tests': False, 'cmake_args': None, 'cmake_clean_cache': False, 'cmake_clean_first': False, 'cmake_force_configure': False, 'cmake_target': None, 'cmake_target_skip_unavailable': False, 'install_base': '/home/olympusforge/Drone_PS/px4_nmpc_ws/install/px4_nmpc_casadi', 'merge_install': False, 'path': '/home/olympusforge/Drone_PS/px4_nmpc_ws/src/px4_nmpc_casadi', 'symlink_install': False, 'test_result_base': None}
[0.354s] Level 5:colcon.colcon_core.verb:set package 'px4_ros_com' build argument 'cmake_args' from command line to 'None'
[0.354s] Level 5:colcon.colcon_core.verb:set package 'px4_ros_com' build argument 'cmake_target' from command line to 'None'
[0.354s] Level 5:colcon.colcon_core.verb:set package 'px4_ros_com' build argument 'cmake_target_skip_unavailable' from command line to 'False'
[0.354s] Level 5:colcon.colcon_core.verb:set package 'px4_ros_com' build argument 'cmake_clean_cache' from command line to 'False'
[0.354s] Level 5:colcon.colcon_core.verb:set package 'px4_ros_com' build argument 'cmake_clean_first' from command line to 'False'
[0.354s] Level 5:colcon.colcon_core.verb:set package 'px4_ros_com' build argument 'cmake_force_configure' from command line to 'False'
[0.354s] Level 5:colcon.colcon_core.verb:set package 'px4_ros_com' build argument 'ament_cmake_args' from command line to 'None'
[0.354s] Level 5:colcon.colcon_core.verb:set package 'px4_ros_com' build argument 'catkin_cmake_args' from command line to 'None'
[0.354s] Level 5:colcon.colcon_core.verb:set package 'px4_ros_com' build argument 'catkin_skip_building_tests' from command line to 'False'
[0.354s] DEBUG:colcon.colcon_core.verb:Building package 'px4_ros_com' with the following arguments: {'ament_cmake_args': None, 'build_base': '/home/olympusforge/Drone_PS/px4_nmpc_ws/build/px4_ros_com', 'catkin_cmake_args': None, 'catkin_skip_building_tests': False, 'cmake_args': None, 'cmake_clean_cache': False, 'cmake_clean_first': False, 'cmake_force_configure': False, 'cmake_target': None, 'cmake_target_skip_unavailable': False, 'install_base': '/home/olympusforge/Drone_PS/px4_nmpc_ws/install/px4_ros_com', 'merge_install': False, 'path': '/home/olympusforge/Drone_PS/px4_nmpc_ws/src/px4_ros_com', 'symlink_install': False, 'test_result_base': None}
[0.354s] INFO:colcon.colcon_core.executor:Executing jobs using 'parallel' executor
[0.355s] DEBUG:colcon.colcon_parallel_executor.executor.parallel:run_until_complete
[0.355s] INFO:colcon.colcon_ros.task.ament_cmake.build:Building ROS package in '/home/olympusforge/Drone_PS/px4_nmpc_ws/src/px4_msgs' with build type 'ament_cmake'
[0.355s] INFO:colcon.colcon_cmake.task.cmake.build:Building CMake package in '/home/olympusforge/Drone_PS/px4_nmpc_ws/src/px4_msgs'
[0.359s] INFO:colcon.colcon_core.plugin_system:Skipping extension 'colcon_core.shell.bat': Not used on non-Windows systems
[0.359s] INFO:colcon.colcon_core.shell:Skip shell extension 'powershell' for command environment: Not usable outside of PowerShell
[0.359s] DEBUG:colcon.colcon_core.shell:Skip shell extension 'dsv' for command environment
[0.363s] INFO:colcon.colcon_cmake.task.cmake.build:Building CMake package in '/home/olympusforge/Drone_PS/px4_nmpc_ws/src/Micro-XRCE-DDS-Agent'
[0.363s] INFO:colcon.colcon_core.shell:Skip shell extension 'powershell' for command environment: Not usable outside of PowerShell
[0.363s] DEBUG:colcon.colcon_core.shell:Skip shell extension 'dsv' for command environment
[0.365s] INFO:colcon.colcon_ros.task.ament_cmake.build:Building ROS package in '/home/olympusforge/Drone_PS/px4_nmpc_ws/src/nmpc_core' with build type 'ament_cmake'
[0.365s] INFO:colcon.colcon_cmake.task.cmake.build:Building CMake package in '/home/olympusforge/Drone_PS/px4_nmpc_ws/src/nmpc_core'
[0.365s] INFO:colcon.colcon_core.shell:Skip shell extension 'powershell' for command environment: Not usable outside of PowerShell
[0.366s] DEBUG:colcon.colcon_core.shell:Skip shell extension 'dsv' for command environment
[0.367s] INFO:colcon.colcon_ros.task.ament_python.build:Building ROS package in '/home/olympusforge/Drone_PS/px4_nmpc_ws/src/px4_nmpc_casadi' with build type 'ament_python'
[0.367s] Level 1:colcon.colcon_core.shell:create_environment_hook('px4_nmpc_casadi', 'ament_prefix_path')
[0.367s] INFO:colcon.colcon_core.shell:Creating environment hook '/home/olympusforge/Drone_PS/px4_nmpc_ws/install/px4_nmpc_casadi/share/px4_nmpc_casadi/hook/ament_prefix_path.ps1'
[0.368s] INFO:colcon.colcon_core.shell:Creating environment descriptor '/home/olympusforge/Drone_PS/px4_nmpc_ws/install/px4_nmpc_casadi/share/px4_nmpc_casadi/hook/ament_prefix_path.dsv'
[0.368s] INFO:colcon.colcon_core.shell:Creating environment hook '/home/olympusforge/Drone_PS/px4_nmpc_ws/install/px4_nmpc_casadi/share/px4_nmpc_casadi/hook/ament_prefix_path.sh'
[0.369s] INFO:colcon.colcon_core.shell:Skip shell extension 'powershell' for command environment: Not usable outside of PowerShell
[0.369s] DEBUG:colcon.colcon_core.shell:Skip shell extension 'dsv' for command environment
[0.373s] DEBUG:colcon.colcon_core.event_handler.log_command:Invoking command in '/home/olympusforge/Drone_PS/px4_nmpc_ws/build/px4_msgs': CMAKE_PREFIX_PATH=/opt/ros/humble /usr/bin/cmake --build /home/olympusforge/Drone_PS/px4_nmpc_ws/build/px4_msgs -- -j20 -l20
[0.376s] DEBUG:colcon.colcon_core.event_handler.log_command:Invoking command in '/home/olympusforge/Drone_PS/px4_nmpc_ws/build/microxrcedds_agent': /usr/bin/cmake --build /home/olympusforge/Drone_PS/px4_nmpc_ws/build/microxrcedds_agent -- -j20 -l20
[0.378s] DEBUG:colcon.colcon_core.event_handler.log_command:Invoking command in '/home/olympusforge/Drone_PS/px4_nmpc_ws/build/nmpc_core': CMAKE_PREFIX_PATH=/opt/ros/humble /usr/bin/cmake --build /home/olympusforge/Drone_PS/px4_nmpc_ws/build/nmpc_core -- -j20 -l20
[0.573s] INFO:colcon.colcon_core.task.python.build:Building Python package in '/home/olympusforge/Drone_PS/px4_nmpc_ws/src/px4_nmpc_casadi'
[0.573s] INFO:colcon.colcon_core.shell:Skip shell extension 'powershell' for command environment: Not usable outside of PowerShell
[0.573s] DEBUG:colcon.colcon_core.shell:Skip shell extension 'dsv' for command environment
[0.576s] DEBUG:colcon.colcon_core.event_handler.log_command:Invoked command in '/home/olympusforge/Drone_PS/px4_nmpc_ws/build/microxrcedds_agent' returned '0': /usr/bin/cmake --build /home/olympusforge/Drone_PS/px4_nmpc_ws/build/microxrcedds_agent -- -j20 -l20
[0.583s] DEBUG:colcon.colcon_core.event_handler.log_command:Invoking command in '/home/olympusforge/Drone_PS/px4_nmpc_ws/build/microxrcedds_agent': /usr/bin/cmake --install /home/olympusforge/Drone_PS/px4_nmpc_ws/build/microxrcedds_agent
[0.583s] DEBUG:colcon.colcon_core.event_handler.log_command:Invoked command in '/home/olympusforge/Drone_PS/px4_nmpc_ws/build/nmpc_core' returned '2': CMAKE_PREFIX_PATH=/opt/ros/humble /usr/bin/cmake --build /home/olympusforge/Drone_PS/px4_nmpc_ws/build/nmpc_core -- -j20 -l20
[0.583s] Level 1:colcon.colcon_core.environment:create_environment_scripts_only(nmpc_core)
[0.587s] Level 1:colcon.colcon_core.environment:checking '/home/olympusforge/Drone_PS/px4_nmpc_ws/install/nmpc_core' for CMake module files
[0.587s] Level 1:colcon.colcon_core.environment:checking '/home/olympusforge/Drone_PS/px4_nmpc_ws/install/nmpc_core' for CMake config files
[0.587s] Level 1:colcon.colcon_core.shell:create_environment_hook('nmpc_core', 'cmake_prefix_path')
[0.587s] INFO:colcon.colcon_core.shell:Creating environment hook '/home/olympusforge/Drone_PS/px4_nmpc_ws/install/nmpc_core/share/nmpc_core/hook/cmake_prefix_path.ps1'
[0.588s] INFO:colcon.colcon_core.shell:Creating environment descriptor '/home/olympusforge/Drone_PS/px4_nmpc_ws/install/nmpc_core/share/nmpc_core/hook/cmake_prefix_path.dsv'
[0.588s] INFO:colcon.colcon_core.shell:Creating environment hook '/home/olympusforge/Drone_PS/px4_nmpc_ws/install/nmpc_core/share/nmpc_core/hook/cmake_prefix_path.sh'
[0.589s] Level 1:colcon.colcon_core.environment:checking '/home/olympusforge/Drone_PS/px4_nmpc_ws/install/nmpc_core/bin'
[0.589s] Level 1:colcon.colcon_core.environment:checking '/home/olympusforge/Drone_PS/px4_nmpc_ws/install/nmpc_core/lib/pkgconfig/nmpc_core.pc'
[0.589s] Level 1:colcon.colcon_core.environment:checking '/home/olympusforge/Drone_PS/px4_nmpc_ws/install/nmpc_core/lib/python3.10/site-packages'
[0.589s] Level 1:colcon.colcon_core.environment:checking '/home/olympusforge/Drone_PS/px4_nmpc_ws/install/nmpc_core/bin'
[0.589s] INFO:colcon.colcon_core.shell:Creating package script '/home/olympusforge/Drone_PS/px4_nmpc_ws/install/nmpc_core/share/nmpc_core/package.ps1'
[0.590s] INFO:colcon.colcon_core.shell:Creating package descriptor '/home/olympusforge/Drone_PS/px4_nmpc_ws/install/nmpc_core/share/nmpc_core/package.dsv'
[0.590s] INFO:colcon.colcon_core.shell:Creating package script '/home/olympusforge/Drone_PS/px4_nmpc_ws/install/nmpc_core/share/nmpc_core/package.sh'
[0.591s] INFO:colcon.colcon_core.shell:Creating package script '/home/olympusforge/Drone_PS/px4_nmpc_ws/install/nmpc_core/share/nmpc_core/package.bash'
[0.591s] INFO:colcon.colcon_core.shell:Creating package script '/home/olympusforge/Drone_PS/px4_nmpc_ws/install/nmpc_core/share/nmpc_core/package.zsh'
[0.592s] Level 1:colcon.colcon_core.environment:create_file_with_runtime_dependencies(/home/olympusforge/Drone_PS/px4_nmpc_ws/install/nmpc_core/share/colcon-core/packages/nmpc_core)
[1.030s] DEBUG:colcon.colcon_parallel_executor.executor.parallel:closing loop
[1.031s] DEBUG:colcon.colcon_parallel_executor.executor.parallel:loop closed
[1.031s] DEBUG:colcon.colcon_parallel_executor.executor.parallel:run_until_complete finished with '2'
[1.031s] DEBUG:colcon.colcon_core.event_reactor:joining thread
[1.035s] INFO:colcon.colcon_core.plugin_system:Skipping extension 'colcon_notification.desktop_notification.terminal_notifier': Not used on non-Darwin systems
[1.035s] INFO:colcon.colcon_core.plugin_system:Skipping extension 'colcon_notification.desktop_notification.win32': Not used on non-Windows systems
[1.035s] INFO:colcon.colcon_notification.desktop_notification:Sending desktop notification using 'notify2'
[1.044s] DEBUG:colcon.colcon_core.event_reactor:joined thread
[1.044s] INFO:colcon.colcon_core.shell:Creating prefix script '/home/olympusforge/Drone_PS/px4_nmpc_ws/install/local_setup.ps1'
[1.045s] INFO:colcon.colcon_core.shell:Creating prefix util module '/home/olympusforge/Drone_PS/px4_nmpc_ws/install/_local_setup_util_ps1.py'
[1.046s] INFO:colcon.colcon_core.shell:Creating prefix chain script '/home/olympusforge/Drone_PS/px4_nmpc_ws/install/setup.ps1'
[1.046s] INFO:colcon.colcon_core.shell:Creating prefix script '/home/olympusforge/Drone_PS/px4_nmpc_ws/install/local_setup.sh'
[1.047s] INFO:colcon.colcon_core.shell:Creating prefix util module '/home/olympusforge/Drone_PS/px4_nmpc_ws/install/_local_setup_util_sh.py'
[1.047s] INFO:colcon.colcon_core.shell:Creating prefix chain script '/home/olympusforge/Drone_PS/px4_nmpc_ws/install/setup.sh'
[1.048s] INFO:colcon.colcon_core.shell:Creating prefix script '/home/olympusforge/Drone_PS/px4_nmpc_ws/install/local_setup.bash'
[1.048s] INFO:colcon.colcon_core.shell:Creating prefix chain script '/home/olympusforge/Drone_PS/px4_nmpc_ws/install/setup.bash'
[1.048s] INFO:colcon.colcon_core.shell:Creating prefix script '/home/olympusforge/Drone_PS/px4_nmpc_ws/install/local_setup.zsh'
[1.049s] INFO:colcon.colcon_core.shell:Creating prefix chain script '/home/olympusforge/Drone_PS/px4_nmpc_ws/install/setup.zsh'
