[0.931s] Invoking command in '/home/olympusforge/Drone_PS/px4_nmpc_ws/src/px4_nmpc_casadi': PYTHONPATH=/home/olympusforge/Drone_PS/px4_nmpc_ws/build/px4_nmpc_casadi/prefix_override:/usr/lib/python3/dist-packages/colcon_core/task/python/colcon_distutils_commands:/home/olympusforge/Drone_PS/px4_nmpc_ws/install/px4_nmpc_casadi/lib/python3.10/site-packages:${PYTHONPATH} /usr/bin/python3 -W ignore:setup.py install is deprecated -W ignore:easy_install command is deprecated setup.py egg_info --egg-base ../../build/px4_nmpc_casadi build --build-base /home/olympusforge/Drone_PS/px4_nmpc_ws/build/px4_nmpc_casadi/build install --record /home/olympusforge/Drone_PS/px4_nmpc_ws/build/px4_nmpc_casadi/install.log --single-version-externally-managed install_data
[1.391s] running egg_info
[1.391s] writing ../../build/px4_nmpc_casadi/px4_nmpc_casadi.egg-info/PKG-INFO
[1.391s] writing dependency_links to ../../build/px4_nmpc_casadi/px4_nmpc_casadi.egg-info/dependency_links.txt
[1.391s] writing entry points to ../../build/px4_nmpc_casadi/px4_nmpc_casadi.egg-info/entry_points.txt
[1.391s] writing requirements to ../../build/px4_nmpc_casadi/px4_nmpc_casadi.egg-info/requires.txt
[1.391s] writing top-level names to ../../build/px4_nmpc_casadi/px4_nmpc_casadi.egg-info/top_level.txt
[1.393s] reading manifest file '../../build/px4_nmpc_casadi/px4_nmpc_casadi.egg-info/SOURCES.txt'
[1.394s] adding license file 'LICENSE'
[1.394s] writing manifest file '../../build/px4_nmpc_casadi/px4_nmpc_casadi.egg-info/SOURCES.txt'
[1.395s] running build
[1.395s] running build_py
[1.395s] running install
[1.395s] running install_lib
[1.396s] running install_data
[1.396s] running install_egg_info
[1.397s] removing '/home/olympusforge/Drone_PS/px4_nmpc_ws/install/px4_nmpc_casadi/lib/python3.10/site-packages/px4_nmpc_casadi-0.0.0-py3.10.egg-info' (and everything under it)
[1.397s] Copying ../../build/px4_nmpc_casadi/px4_nmpc_casadi.egg-info to /home/olympusforge/Drone_PS/px4_nmpc_ws/install/px4_nmpc_casadi/lib/python3.10/site-packages/px4_nmpc_casadi-0.0.0-py3.10.egg-info
[1.397s] running install_scripts
[1.401s] writing list of installed files to '/home/olympusforge/Drone_PS/px4_nmpc_ws/build/px4_nmpc_casadi/install.log'
[1.408s] Invoked command in '/home/olympusforge/Drone_PS/px4_nmpc_ws/src/px4_nmpc_casadi' returned '0': PYTHONPATH=/home/olympusforge/Drone_PS/px4_nmpc_ws/build/px4_nmpc_casadi/prefix_override:/usr/lib/python3/dist-packages/colcon_core/task/python/colcon_distutils_commands:/home/olympusforge/Drone_PS/px4_nmpc_ws/install/px4_nmpc_casadi/lib/python3.10/site-packages:${PYTHONPATH} /usr/bin/python3 -W ignore:setup.py install is deprecated -W ignore:easy_install command is deprecated setup.py egg_info --egg-base ../../build/px4_nmpc_casadi build --build-base /home/olympusforge/Drone_PS/px4_nmpc_ws/build/px4_nmpc_casadi/build install --record /home/olympusforge/Drone_PS/px4_nmpc_ws/build/px4_nmpc_casadi/install.log --single-version-externally-managed install_data
