[0.009s] Invoking command in '/home/olympusforge/Drone_PS/px4_nmpc_ws/build/nmpc_core': CMAKE_PREFIX_PATH=/opt/ros/humble /usr/bin/cmake --build /home/olympusforge/Drone_PS/px4_nmpc_ws/build/nmpc_core -- -j20 -l20
[0.026s] -- Found ament_cmake: 1.3.11 (/opt/ros/humble/share/ament_cmake/cmake)
[0.110s] -- Found rclpy: 3.3.16 (/opt/ros/humble/share/rclpy/cmake)
[0.112s] -- Found sensor_msgs: 4.9.0 (/opt/ros/humble/share/sensor_msgs/cmake)
[0.142s] -- Found rosidl_generator_c: 3.1.6 (/opt/ros/humble/share/rosidl_generator_c/cmake)
[0.146s] -- Found rosidl_adapter: 3.1.6 (/opt/ros/humble/share/rosidl_adapter/cmake)
[0.153s] -- Found rosidl_generator_cpp: 3.1.6 (/opt/ros/humble/share/rosidl_generator_cpp/cmake)
[0.163s] -- Using all available rosidl_typesupport_c: rosidl_typesupport_fastrtps_c;rosidl_typesupport_introspection_c
[0.176s] -- Using all available rosidl_typesupport_cpp: rosidl_typesupport_fastrtps_cpp;rosidl_typesupport_introspection_cpp
[0.228s] -- Found nav_msgs: 4.9.0 (/opt/ros/humble/share/nav_msgs/cmake)
[0.244s] -- Found ament_lint_auto: 0.12.12 (/opt/ros/humble/share/ament_lint_auto/cmake)
[0.298s] -- Added test 'copyright' to check source files copyright and LICENSE
[0.299s] -- Added test 'flake8' to check Python code syntax and style conventions
[0.300s] -- Added test 'lint_cmake' to check CMake code style
[0.300s] -- Added test 'pep257' to check Python code against some of the docstring style conventions in PEP 257
[0.301s] -- Added test 'xmllint' to check XML markup files
[0.302s] -- Configuring done
[0.305s] -- Generating done
[0.306s] -- Build files have been written to: /home/olympusforge/Drone_PS/px4_nmpc_ws/build/nmpc_core
[0.321s] Invoked command in '/home/olympusforge/Drone_PS/px4_nmpc_ws/build/nmpc_core' returned '0': CMAKE_PREFIX_PATH=/opt/ros/humble /usr/bin/cmake --build /home/olympusforge/Drone_PS/px4_nmpc_ws/build/nmpc_core -- -j20 -l20
[0.322s] Invoking command in '/home/olympusforge/Drone_PS/px4_nmpc_ws/build/nmpc_core': CMAKE_PREFIX_PATH=/opt/ros/humble /usr/bin/cmake --install /home/olympusforge/Drone_PS/px4_nmpc_ws/build/nmpc_core
[0.328s] -- Install configuration: ""
[0.329s] -- Installing: /home/olympusforge/Drone_PS/px4_nmpc_ws/install/nmpc_core/lib/nmpc_core/uORB_listener.py
[0.329s] -- Installing: /home/olympusforge/Drone_PS/px4_nmpc_ws/install/nmpc_core/lib/nmpc_core/sensor_processor.py
[0.329s] -- Installing: /home/olympusforge/Drone_PS/px4_nmpc_ws/install/nmpc_core/lib/nmpc_core/nmpc_trigger.py
[0.329s] -- Installing: /home/olympusforge/Drone_PS/px4_nmpc_ws/install/nmpc_core/lib/nmpc_core/nmpc_core_CASADI.py
[0.329s] -- Installing: /home/olympusforge/Drone_PS/px4_nmpc_ws/install/nmpc_core/lib/nmpc_core/command_dispatcher.py
[0.329s] -- Installing: /home/olympusforge/Drone_PS/px4_nmpc_ws/install/nmpc_core/share/nmpc_core/launch
[0.329s] -- Installing: /home/olympusforge/Drone_PS/px4_nmpc_ws/install/nmpc_core/share/nmpc_core/launch/main.launch.py
[0.329s] -- Installing: /home/olympusforge/Drone_PS/px4_nmpc_ws/install/nmpc_core/share/nmpc_core/config
[0.329s] -- Up-to-date: /home/olympusforge/Drone_PS/px4_nmpc_ws/install/nmpc_core/share/ament_index/resource_index/package_run_dependencies/nmpc_core
[0.329s] -- Up-to-date: /home/olympusforge/Drone_PS/px4_nmpc_ws/install/nmpc_core/share/ament_index/resource_index/parent_prefix_path/nmpc_core
[0.329s] -- Up-to-date: /home/olympusforge/Drone_PS/px4_nmpc_ws/install/nmpc_core/share/nmpc_core/environment/ament_prefix_path.sh
[0.329s] -- Installing: /home/olympusforge/Drone_PS/px4_nmpc_ws/install/nmpc_core/share/nmpc_core/environment/ament_prefix_path.dsv
[0.329s] -- Up-to-date: /home/olympusforge/Drone_PS/px4_nmpc_ws/install/nmpc_core/share/nmpc_core/environment/path.sh
[0.329s] -- Installing: /home/olympusforge/Drone_PS/px4_nmpc_ws/install/nmpc_core/share/nmpc_core/environment/path.dsv
[0.330s] -- Up-to-date: /home/olympusforge/Drone_PS/px4_nmpc_ws/install/nmpc_core/share/nmpc_core/local_setup.bash
[0.330s] -- Up-to-date: /home/olympusforge/Drone_PS/px4_nmpc_ws/install/nmpc_core/share/nmpc_core/local_setup.sh
[0.330s] -- Up-to-date: /home/olympusforge/Drone_PS/px4_nmpc_ws/install/nmpc_core/share/nmpc_core/local_setup.zsh
[0.330s] -- Installing: /home/olympusforge/Drone_PS/px4_nmpc_ws/install/nmpc_core/share/nmpc_core/local_setup.dsv
[0.330s] -- Installing: /home/olympusforge/Drone_PS/px4_nmpc_ws/install/nmpc_core/share/nmpc_core/package.dsv
[0.330s] -- Up-to-date: /home/olympusforge/Drone_PS/px4_nmpc_ws/install/nmpc_core/share/ament_index/resource_index/packages/nmpc_core
[0.330s] -- Up-to-date: /home/olympusforge/Drone_PS/px4_nmpc_ws/install/nmpc_core/share/nmpc_core/cmake/nmpc_coreConfig.cmake
[0.330s] -- Up-to-date: /home/olympusforge/Drone_PS/px4_nmpc_ws/install/nmpc_core/share/nmpc_core/cmake/nmpc_coreConfig-version.cmake
[0.330s] -- Up-to-date: /home/olympusforge/Drone_PS/px4_nmpc_ws/install/nmpc_core/share/nmpc_core/package.xml
[0.332s] Invoked command in '/home/olympusforge/Drone_PS/px4_nmpc_ws/build/nmpc_core' returned '0': CMAKE_PREFIX_PATH=/opt/ros/humble /usr/bin/cmake --install /home/olympusforge/Drone_PS/px4_nmpc_ws/build/nmpc_core
