[0.060s] DEBUG:colcon:Command line arguments: ['/usr/bin/colcon', 'build']
[0.060s] DEBUG:colcon:Parsed command line arguments: Namespace(log_base=None, log_level=None, verb_name='build', build_base='build', install_base='install', merge_install=False, symlink_install=False, test_result_base=None, continue_on_error=False, executor='parallel', parallel_workers=20, event_handlers=None, ignore_user_meta=False, metas=['./colcon.meta'], base_paths=['.'], packages_ignore=None, packages_ignore_regex=None, paths=None, packages_up_to=None, packages_up_to_regex=None, packages_above=None, packages_above_and_dependencies=None, packages_above_depth=None, packages_select_by_dep=None, packages_skip_by_dep=None, packages_skip_up_to=None, packages_select_build_failed=False, packages_skip_build_finished=False, packages_select_test_failures=False, packages_skip_test_passed=False, packages_select=None, packages_skip=None, packages_select_regex=None, packages_skip_regex=None, packages_start=None, packages_end=None, allow_overriding=[], cmake_args=None, cmake_target=None, cmake_target_skip_unavailable=False, cmake_clean_cache=False, cmake_clean_first=False, cmake_force_configure=False, ament_cmake_args=None, catkin_cmake_args=None, catkin_skip_building_tests=False, verb_parser=<colcon_defaults.argument_parser.defaults.DefaultArgumentsDecorator object at 0x7a1bc6629a80>, verb_extension=<colcon_core.verb.build.BuildVerb object at 0x7a1bc6629180>, main=<bound method BuildVerb.main of <colcon_core.verb.build.BuildVerb object at 0x7a1bc6629180>>)
[0.191s] Level 1:colcon.colcon_core.package_discovery:discover_packages(colcon_meta) check parameters
[0.191s] Level 1:colcon.colcon_core.package_discovery:discover_packages(recursive) check parameters
[0.191s] Level 1:colcon.colcon_core.package_discovery:discover_packages(ignore) check parameters
[0.191s] Level 1:colcon.colcon_core.package_discovery:discover_packages(path) check parameters
[0.191s] Level 1:colcon.colcon_core.package_discovery:discover_packages(colcon_meta) discover
[0.191s] Level 1:colcon.colcon_core.package_discovery:discover_packages(recursive) discover
[0.191s] INFO:colcon.colcon_core.package_discovery:Crawling recursively for packages in '/home/olympusforge/Drone_PS/px4_nmpc_ws'
[0.191s] Level 1:colcon.colcon_core.package_identification:_identify(.) by extensions ['ignore', 'ignore_ament_install']
[0.191s] Level 1:colcon.colcon_core.package_identification:_identify(.) by extension 'ignore'
[0.191s] Level 1:colcon.colcon_core.package_identification:_identify(.) by extension 'ignore_ament_install'
[0.191s] Level 1:colcon.colcon_core.package_identification:_identify(.) by extensions ['colcon_pkg']
[0.191s] Level 1:colcon.colcon_core.package_identification:_identify(.) by extension 'colcon_pkg'
[0.191s] Level 1:colcon.colcon_core.package_identification:_identify(.) by extensions ['colcon_meta']
[0.191s] Level 1:colcon.colcon_core.package_identification:_identify(.) by extension 'colcon_meta'
[0.191s] Level 1:colcon.colcon_core.package_identification:_identify(.) by extensions ['ros']
[0.191s] Level 1:colcon.colcon_core.package_identification:_identify(.) by extension 'ros'
[0.198s] Level 1:colcon.colcon_core.package_identification:_identify(.) by extensions ['cmake', 'python']
[0.198s] Level 1:colcon.colcon_core.package_identification:_identify(.) by extension 'cmake'
[0.198s] Level 1:colcon.colcon_core.package_identification:_identify(.) by extension 'python'
[0.198s] Level 1:colcon.colcon_core.package_identification:_identify(.) by extensions ['python_setup_py']
[0.198s] Level 1:colcon.colcon_core.package_identification:_identify(.) by extension 'python_setup_py'
[0.198s] Level 1:colcon.colcon_core.package_identification:_identify(build) by extensions ['ignore', 'ignore_ament_install']
[0.198s] Level 1:colcon.colcon_core.package_identification:_identify(build) by extension 'ignore'
[0.198s] Level 1:colcon.colcon_core.package_identification:_identify(build) ignored
[0.198s] Level 1:colcon.colcon_core.package_identification:_identify(install) by extensions ['ignore', 'ignore_ament_install']
[0.198s] Level 1:colcon.colcon_core.package_identification:_identify(install) by extension 'ignore'
[0.198s] Level 1:colcon.colcon_core.package_identification:_identify(install) ignored
[0.198s] Level 1:colcon.colcon_core.package_identification:_identify(log) by extensions ['ignore', 'ignore_ament_install']
[0.198s] Level 1:colcon.colcon_core.package_identification:_identify(log) by extension 'ignore'
[0.198s] Level 1:colcon.colcon_core.package_identification:_identify(log) ignored
[0.198s] Level 1:colcon.colcon_core.package_identification:_identify(src) by extensions ['ignore', 'ignore_ament_install']
[0.198s] Level 1:colcon.colcon_core.package_identification:_identify(src) by extension 'ignore'
[0.198s] Level 1:colcon.colcon_core.package_identification:_identify(src) by extension 'ignore_ament_install'
[0.198s] Level 1:colcon.colcon_core.package_identification:_identify(src) by extensions ['colcon_pkg']
[0.198s] Level 1:colcon.colcon_core.package_identification:_identify(src) by extension 'colcon_pkg'
[0.198s] Level 1:colcon.colcon_core.package_identification:_identify(src) by extensions ['colcon_meta']
[0.198s] Level 1:colcon.colcon_core.package_identification:_identify(src) by extension 'colcon_meta'
[0.199s] Level 1:colcon.colcon_core.package_identification:_identify(src) by extensions ['ros']
[0.199s] Level 1:colcon.colcon_core.package_identification:_identify(src) by extension 'ros'
[0.199s] Level 1:colcon.colcon_core.package_identification:_identify(src) by extensions ['cmake', 'python']
[0.199s] Level 1:colcon.colcon_core.package_identification:_identify(src) by extension 'cmake'
[0.199s] Level 1:colcon.colcon_core.package_identification:_identify(src) by extension 'python'
[0.199s] Level 1:colcon.colcon_core.package_identification:_identify(src) by extensions ['python_setup_py']
[0.199s] Level 1:colcon.colcon_core.package_identification:_identify(src) by extension 'python_setup_py'
[0.199s] Level 1:colcon.colcon_core.package_identification:_identify(src/px4_msgs) by extensions ['ignore', 'ignore_ament_install']
[0.199s] Level 1:colcon.colcon_core.package_identification:_identify(src/px4_msgs) by extension 'ignore'
[0.199s] Level 1:colcon.colcon_core.package_identification:_identify(src/px4_msgs) by extension 'ignore_ament_install'
[0.199s] Level 1:colcon.colcon_core.package_identification:_identify(src/px4_msgs) by extensions ['colcon_pkg']
[0.199s] Level 1:colcon.colcon_core.package_identification:_identify(src/px4_msgs) by extension 'colcon_pkg'
[0.199s] Level 1:colcon.colcon_core.package_identification:_identify(src/px4_msgs) by extensions ['colcon_meta']
[0.199s] Level 1:colcon.colcon_core.package_identification:_identify(src/px4_msgs) by extension 'colcon_meta'
[0.199s] Level 1:colcon.colcon_core.package_identification:_identify(src/px4_msgs) by extensions ['ros']
[0.199s] Level 1:colcon.colcon_core.package_identification:_identify(src/px4_msgs) by extension 'ros'
[0.200s] DEBUG:colcon.colcon_core.package_identification:Package 'src/px4_msgs' with type 'ros.ament_cmake' and name 'px4_msgs'
[0.200s] Level 1:colcon.colcon_core.package_identification:_identify(src/px4_nmpc_casadi) by extensions ['ignore', 'ignore_ament_install']
[0.200s] Level 1:colcon.colcon_core.package_identification:_identify(src/px4_nmpc_casadi) by extension 'ignore'
[0.200s] Level 1:colcon.colcon_core.package_identification:_identify(src/px4_nmpc_casadi) by extension 'ignore_ament_install'
[0.200s] Level 1:colcon.colcon_core.package_identification:_identify(src/px4_nmpc_casadi) by extensions ['colcon_pkg']
[0.201s] Level 1:colcon.colcon_core.package_identification:_identify(src/px4_nmpc_casadi) by extension 'colcon_pkg'
[0.201s] Level 1:colcon.colcon_core.package_identification:_identify(src/px4_nmpc_casadi) by extensions ['colcon_meta']
[0.201s] Level 1:colcon.colcon_core.package_identification:_identify(src/px4_nmpc_casadi) by extension 'colcon_meta'
[0.201s] Level 1:colcon.colcon_core.package_identification:_identify(src/px4_nmpc_casadi) by extensions ['ros']
[0.201s] Level 1:colcon.colcon_core.package_identification:_identify(src/px4_nmpc_casadi) by extension 'ros'
[0.201s] DEBUG:colcon.colcon_core.package_identification:Package 'src/px4_nmpc_casadi' with type 'ros.ament_python' and name 'px4_nmpc_casadi'
[0.201s] Level 1:colcon.colcon_core.package_identification:_identify(src/px4_ros_com) by extensions ['ignore', 'ignore_ament_install']
[0.201s] Level 1:colcon.colcon_core.package_identification:_identify(src/px4_ros_com) by extension 'ignore'
[0.201s] Level 1:colcon.colcon_core.package_identification:_identify(src/px4_ros_com) by extension 'ignore_ament_install'
[0.201s] Level 1:colcon.colcon_core.package_identification:_identify(src/px4_ros_com) by extensions ['colcon_pkg']
[0.201s] Level 1:colcon.colcon_core.package_identification:_identify(src/px4_ros_com) by extension 'colcon_pkg'
[0.201s] Level 1:colcon.colcon_core.package_identification:_identify(src/px4_ros_com) by extensions ['colcon_meta']
[0.201s] Level 1:colcon.colcon_core.package_identification:_identify(src/px4_ros_com) by extension 'colcon_meta'
[0.201s] Level 1:colcon.colcon_core.package_identification:_identify(src/px4_ros_com) by extensions ['ros']
[0.201s] Level 1:colcon.colcon_core.package_identification:_identify(src/px4_ros_com) by extension 'ros'
[0.202s] DEBUG:colcon.colcon_core.package_identification:Package 'src/px4_ros_com' with type 'ros.ament_cmake' and name 'px4_ros_com'
[0.202s] Level 1:colcon.colcon_core.package_discovery:discover_packages(recursive) using defaults
[0.202s] Level 1:colcon.colcon_core.package_discovery:discover_packages(ignore) discover
[0.202s] Level 1:colcon.colcon_core.package_discovery:discover_packages(ignore) using defaults
[0.202s] Level 1:colcon.colcon_core.package_discovery:discover_packages(path) discover
[0.202s] Level 1:colcon.colcon_core.package_discovery:discover_packages(path) using defaults
[0.212s] Level 1:colcon.colcon_core.package_discovery:discover_packages(prefix_path) check parameters
[0.212s] Level 1:colcon.colcon_core.package_discovery:discover_packages(prefix_path) discover
[0.213s] DEBUG:colcon.colcon_installed_package_information.package_discovery:Found 315 installed packages in /opt/ros/humble
[0.214s] Level 1:colcon.colcon_core.package_discovery:discover_packages(prefix_path) using defaults
[0.232s] Level 5:colcon.colcon_core.verb:set package 'px4_msgs' build argument 'cmake_args' from command line to 'None'
[0.232s] Level 5:colcon.colcon_core.verb:set package 'px4_msgs' build argument 'cmake_target' from command line to 'None'
[0.232s] Level 5:colcon.colcon_core.verb:set package 'px4_msgs' build argument 'cmake_target_skip_unavailable' from command line to 'False'
[0.232s] Level 5:colcon.colcon_core.verb:set package 'px4_msgs' build argument 'cmake_clean_cache' from command line to 'False'
[0.232s] Level 5:colcon.colcon_core.verb:set package 'px4_msgs' build argument 'cmake_clean_first' from command line to 'False'
[0.232s] Level 5:colcon.colcon_core.verb:set package 'px4_msgs' build argument 'cmake_force_configure' from command line to 'False'
[0.233s] Level 5:colcon.colcon_core.verb:set package 'px4_msgs' build argument 'ament_cmake_args' from command line to 'None'
[0.233s] Level 5:colcon.colcon_core.verb:set package 'px4_msgs' build argument 'catkin_cmake_args' from command line to 'None'
[0.233s] Level 5:colcon.colcon_core.verb:set package 'px4_msgs' build argument 'catkin_skip_building_tests' from command line to 'False'
[0.233s] DEBUG:colcon.colcon_core.verb:Building package 'px4_msgs' with the following arguments: {'ament_cmake_args': None, 'build_base': '/home/olympusforge/Drone_PS/px4_nmpc_ws/build/px4_msgs', 'catkin_cmake_args': None, 'catkin_skip_building_tests': False, 'cmake_args': None, 'cmake_clean_cache': False, 'cmake_clean_first': False, 'cmake_force_configure': False, 'cmake_target': None, 'cmake_target_skip_unavailable': False, 'install_base': '/home/olympusforge/Drone_PS/px4_nmpc_ws/install/px4_msgs', 'merge_install': False, 'path': '/home/olympusforge/Drone_PS/px4_nmpc_ws/src/px4_msgs', 'symlink_install': False, 'test_result_base': None}
[0.233s] Level 5:colcon.colcon_core.verb:set package 'px4_nmpc_casadi' build argument 'cmake_args' from command line to 'None'
[0.233s] Level 5:colcon.colcon_core.verb:set package 'px4_nmpc_casadi' build argument 'cmake_target' from command line to 'None'
[0.233s] Level 5:colcon.colcon_core.verb:set package 'px4_nmpc_casadi' build argument 'cmake_target_skip_unavailable' from command line to 'False'
[0.233s] Level 5:colcon.colcon_core.verb:set package 'px4_nmpc_casadi' build argument 'cmake_clean_cache' from command line to 'False'
[0.233s] Level 5:colcon.colcon_core.verb:set package 'px4_nmpc_casadi' build argument 'cmake_clean_first' from command line to 'False'
[0.233s] Level 5:colcon.colcon_core.verb:set package 'px4_nmpc_casadi' build argument 'cmake_force_configure' from command line to 'False'
[0.233s] Level 5:colcon.colcon_core.verb:set package 'px4_nmpc_casadi' build argument 'ament_cmake_args' from command line to 'None'
[0.233s] Level 5:colcon.colcon_core.verb:set package 'px4_nmpc_casadi' build argument 'catkin_cmake_args' from command line to 'None'
[0.233s] Level 5:colcon.colcon_core.verb:set package 'px4_nmpc_casadi' build argument 'catkin_skip_building_tests' from command line to 'False'
[0.233s] DEBUG:colcon.colcon_core.verb:Building package 'px4_nmpc_casadi' with the following arguments: {'ament_cmake_args': None, 'build_base': '/home/olympusforge/Drone_PS/px4_nmpc_ws/build/px4_nmpc_casadi', 'catkin_cmake_args': None, 'catkin_skip_building_tests': False, 'cmake_args': None, 'cmake_clean_cache': False, 'cmake_clean_first': False, 'cmake_force_configure': False, 'cmake_target': None, 'cmake_target_skip_unavailable': False, 'install_base': '/home/olympusforge/Drone_PS/px4_nmpc_ws/install/px4_nmpc_casadi', 'merge_install': False, 'path': '/home/olympusforge/Drone_PS/px4_nmpc_ws/src/px4_nmpc_casadi', 'symlink_install': False, 'test_result_base': None}
[0.233s] Level 5:colcon.colcon_core.verb:set package 'px4_ros_com' build argument 'cmake_args' from command line to 'None'
[0.233s] Level 5:colcon.colcon_core.verb:set package 'px4_ros_com' build argument 'cmake_target' from command line to 'None'
[0.233s] Level 5:colcon.colcon_core.verb:set package 'px4_ros_com' build argument 'cmake_target_skip_unavailable' from command line to 'False'
[0.233s] Level 5:colcon.colcon_core.verb:set package 'px4_ros_com' build argument 'cmake_clean_cache' from command line to 'False'
[0.233s] Level 5:colcon.colcon_core.verb:set package 'px4_ros_com' build argument 'cmake_clean_first' from command line to 'False'
[0.233s] Level 5:colcon.colcon_core.verb:set package 'px4_ros_com' build argument 'cmake_force_configure' from command line to 'False'
[0.233s] Level 5:colcon.colcon_core.verb:set package 'px4_ros_com' build argument 'ament_cmake_args' from command line to 'None'
[0.233s] Level 5:colcon.colcon_core.verb:set package 'px4_ros_com' build argument 'catkin_cmake_args' from command line to 'None'
[0.233s] Level 5:colcon.colcon_core.verb:set package 'px4_ros_com' build argument 'catkin_skip_building_tests' from command line to 'False'
[0.233s] DEBUG:colcon.colcon_core.verb:Building package 'px4_ros_com' with the following arguments: {'ament_cmake_args': None, 'build_base': '/home/olympusforge/Drone_PS/px4_nmpc_ws/build/px4_ros_com', 'catkin_cmake_args': None, 'catkin_skip_building_tests': False, 'cmake_args': None, 'cmake_clean_cache': False, 'cmake_clean_first': False, 'cmake_force_configure': False, 'cmake_target': None, 'cmake_target_skip_unavailable': False, 'install_base': '/home/olympusforge/Drone_PS/px4_nmpc_ws/install/px4_ros_com', 'merge_install': False, 'path': '/home/olympusforge/Drone_PS/px4_nmpc_ws/src/px4_ros_com', 'symlink_install': False, 'test_result_base': None}
[0.233s] INFO:colcon.colcon_core.executor:Executing jobs using 'parallel' executor
[0.234s] DEBUG:colcon.colcon_parallel_executor.executor.parallel:run_until_complete
[0.234s] INFO:colcon.colcon_ros.task.ament_cmake.build:Building ROS package in '/home/olympusforge/Drone_PS/px4_nmpc_ws/src/px4_msgs' with build type 'ament_cmake'
[0.234s] INFO:colcon.colcon_cmake.task.cmake.build:Building CMake package in '/home/olympusforge/Drone_PS/px4_nmpc_ws/src/px4_msgs'
[0.235s] INFO:colcon.colcon_core.plugin_system:Skipping extension 'colcon_core.shell.bat': Not used on non-Windows systems
[0.235s] INFO:colcon.colcon_core.shell:Skip shell extension 'powershell' for command environment: Not usable outside of PowerShell
[0.235s] DEBUG:colcon.colcon_core.shell:Skip shell extension 'dsv' for command environment
[0.237s] INFO:colcon.colcon_ros.task.ament_python.build:Building ROS package in '/home/olympusforge/Drone_PS/px4_nmpc_ws/src/px4_nmpc_casadi' with build type 'ament_python'
[0.237s] Level 1:colcon.colcon_core.shell:create_environment_hook('px4_nmpc_casadi', 'ament_prefix_path')
[0.237s] INFO:colcon.colcon_core.shell:Creating environment hook '/home/olympusforge/Drone_PS/px4_nmpc_ws/install/px4_nmpc_casadi/share/px4_nmpc_casadi/hook/ament_prefix_path.ps1'
[0.238s] INFO:colcon.colcon_core.shell:Creating environment descriptor '/home/olympusforge/Drone_PS/px4_nmpc_ws/install/px4_nmpc_casadi/share/px4_nmpc_casadi/hook/ament_prefix_path.dsv'
[0.238s] INFO:colcon.colcon_core.shell:Creating environment hook '/home/olympusforge/Drone_PS/px4_nmpc_ws/install/px4_nmpc_casadi/share/px4_nmpc_casadi/hook/ament_prefix_path.sh'
[0.238s] INFO:colcon.colcon_core.shell:Skip shell extension 'powershell' for command environment: Not usable outside of PowerShell
[0.238s] DEBUG:colcon.colcon_core.shell:Skip shell extension 'dsv' for command environment
[0.241s] DEBUG:colcon.colcon_core.event_handler.log_command:Invoking command in '/home/olympusforge/Drone_PS/px4_nmpc_ws/build/px4_msgs': CMAKE_PREFIX_PATH=/opt/ros/humble /usr/bin/cmake --build /home/olympusforge/Drone_PS/px4_nmpc_ws/build/px4_msgs -- -j20 -l20
[0.411s] INFO:colcon.colcon_core.task.python.build:Building Python package in '/home/olympusforge/Drone_PS/px4_nmpc_ws/src/px4_nmpc_casadi'
[0.411s] INFO:colcon.colcon_core.shell:Skip shell extension 'powershell' for command environment: Not usable outside of PowerShell
[0.411s] DEBUG:colcon.colcon_core.shell:Skip shell extension 'dsv' for command environment
[0.756s] DEBUG:colcon.colcon_core.event_handler.log_command:Invoking command in '/home/olympusforge/Drone_PS/px4_nmpc_ws/src/px4_nmpc_casadi': PYTHONPATH=/home/olympusforge/Drone_PS/px4_nmpc_ws/build/px4_nmpc_casadi/prefix_override:/usr/lib/python3/dist-packages/colcon_core/task/python/colcon_distutils_commands:/home/olympusforge/Drone_PS/px4_nmpc_ws/install/px4_nmpc_casadi/lib/python3.10/site-packages:${PYTHONPATH} /usr/bin/python3 -W ignore:setup.py install is deprecated -W ignore:easy_install command is deprecated setup.py egg_info --egg-base ../../build/px4_nmpc_casadi build --build-base /home/olympusforge/Drone_PS/px4_nmpc_ws/build/px4_nmpc_casadi/build install --record /home/olympusforge/Drone_PS/px4_nmpc_ws/build/px4_nmpc_casadi/install.log --single-version-externally-managed install_data
[0.954s] DEBUG:colcon.colcon_core.event_handler.log_command:Invoked command in '/home/olympusforge/Drone_PS/px4_nmpc_ws/src/px4_nmpc_casadi' returned '0': PYTHONPATH=/home/olympusforge/Drone_PS/px4_nmpc_ws/build/px4_nmpc_casadi/prefix_override:/usr/lib/python3/dist-packages/colcon_core/task/python/colcon_distutils_commands:/home/olympusforge/Drone_PS/px4_nmpc_ws/install/px4_nmpc_casadi/lib/python3.10/site-packages:${PYTHONPATH} /usr/bin/python3 -W ignore:setup.py install is deprecated -W ignore:easy_install command is deprecated setup.py egg_info --egg-base ../../build/px4_nmpc_casadi build --build-base /home/olympusforge/Drone_PS/px4_nmpc_ws/build/px4_nmpc_casadi/build install --record /home/olympusforge/Drone_PS/px4_nmpc_ws/build/px4_nmpc_casadi/install.log --single-version-externally-managed install_data
[0.955s] Level 1:colcon.colcon_core.environment:checking '/home/olympusforge/Drone_PS/px4_nmpc_ws/install/px4_nmpc_casadi' for CMake module files
[0.955s] Level 1:colcon.colcon_core.environment:checking '/home/olympusforge/Drone_PS/px4_nmpc_ws/install/px4_nmpc_casadi' for CMake config files
[0.955s] Level 1:colcon.colcon_core.environment:checking '/home/olympusforge/Drone_PS/px4_nmpc_ws/install/px4_nmpc_casadi/lib'
[0.956s] Level 1:colcon.colcon_core.environment:checking '/home/olympusforge/Drone_PS/px4_nmpc_ws/install/px4_nmpc_casadi/bin'
[0.956s] Level 1:colcon.colcon_core.environment:checking '/home/olympusforge/Drone_PS/px4_nmpc_ws/install/px4_nmpc_casadi/lib/pkgconfig/px4_nmpc_casadi.pc'
[0.956s] Level 1:colcon.colcon_core.environment:checking '/home/olympusforge/Drone_PS/px4_nmpc_ws/install/px4_nmpc_casadi/lib/python3.10/site-packages'
[0.956s] Level 1:colcon.colcon_core.shell:create_environment_hook('px4_nmpc_casadi', 'pythonpath')
[0.956s] INFO:colcon.colcon_core.shell:Creating environment hook '/home/olympusforge/Drone_PS/px4_nmpc_ws/install/px4_nmpc_casadi/share/px4_nmpc_casadi/hook/pythonpath.ps1'
[0.956s] INFO:colcon.colcon_core.shell:Creating environment descriptor '/home/olympusforge/Drone_PS/px4_nmpc_ws/install/px4_nmpc_casadi/share/px4_nmpc_casadi/hook/pythonpath.dsv'
[0.956s] INFO:colcon.colcon_core.shell:Creating environment hook '/home/olympusforge/Drone_PS/px4_nmpc_ws/install/px4_nmpc_casadi/share/px4_nmpc_casadi/hook/pythonpath.sh'
[0.957s] Level 1:colcon.colcon_core.environment:checking '/home/olympusforge/Drone_PS/px4_nmpc_ws/install/px4_nmpc_casadi/bin'
[0.957s] Level 1:colcon.colcon_core.environment:create_environment_scripts_only(px4_nmpc_casadi)
[0.957s] INFO:colcon.colcon_core.shell:Creating package script '/home/olympusforge/Drone_PS/px4_nmpc_ws/install/px4_nmpc_casadi/share/px4_nmpc_casadi/package.ps1'
[0.957s] INFO:colcon.colcon_core.shell:Creating package descriptor '/home/olympusforge/Drone_PS/px4_nmpc_ws/install/px4_nmpc_casadi/share/px4_nmpc_casadi/package.dsv'
[0.958s] INFO:colcon.colcon_core.shell:Creating package script '/home/olympusforge/Drone_PS/px4_nmpc_ws/install/px4_nmpc_casadi/share/px4_nmpc_casadi/package.sh'
[0.958s] INFO:colcon.colcon_core.shell:Creating package script '/home/olympusforge/Drone_PS/px4_nmpc_ws/install/px4_nmpc_casadi/share/px4_nmpc_casadi/package.bash'
[0.958s] INFO:colcon.colcon_core.shell:Creating package script '/home/olympusforge/Drone_PS/px4_nmpc_ws/install/px4_nmpc_casadi/share/px4_nmpc_casadi/package.zsh'
[0.958s] Level 1:colcon.colcon_core.environment:create_file_with_runtime_dependencies(/home/olympusforge/Drone_PS/px4_nmpc_ws/install/px4_nmpc_casadi/share/colcon-core/packages/px4_nmpc_casadi)
[0.960s] DEBUG:colcon.colcon_core.event_handler.log_command:Invoked command in '/home/olympusforge/Drone_PS/px4_nmpc_ws/build/px4_msgs' returned '0': CMAKE_PREFIX_PATH=/opt/ros/humble /usr/bin/cmake --build /home/olympusforge/Drone_PS/px4_nmpc_ws/build/px4_msgs -- -j20 -l20
[0.966s] DEBUG:colcon.colcon_core.event_handler.log_command:Invoking command in '/home/olympusforge/Drone_PS/px4_nmpc_ws/build/px4_msgs': CMAKE_PREFIX_PATH=/opt/ros/humble /usr/bin/cmake --install /home/olympusforge/Drone_PS/px4_nmpc_ws/build/px4_msgs
[1.168s] Level 1:colcon.colcon_core.environment:create_environment_scripts_only(px4_msgs)
[1.168s] Level 1:colcon.colcon_core.environment:checking '/home/olympusforge/Drone_PS/px4_nmpc_ws/install/px4_msgs' for CMake module files
[1.168s] DEBUG:colcon.colcon_core.event_handler.log_command:Invoked command in '/home/olympusforge/Drone_PS/px4_nmpc_ws/build/px4_msgs' returned '0': CMAKE_PREFIX_PATH=/opt/ros/humble /usr/bin/cmake --install /home/olympusforge/Drone_PS/px4_nmpc_ws/build/px4_msgs
[1.169s] Level 1:colcon.colcon_core.environment:checking '/home/olympusforge/Drone_PS/px4_nmpc_ws/install/px4_msgs' for CMake config files
[1.169s] Level 1:colcon.colcon_core.shell:create_environment_hook('px4_msgs', 'cmake_prefix_path')
[1.169s] INFO:colcon.colcon_core.shell:Creating environment hook '/home/olympusforge/Drone_PS/px4_nmpc_ws/install/px4_msgs/share/px4_msgs/hook/cmake_prefix_path.ps1'
[1.169s] INFO:colcon.colcon_core.shell:Creating environment descriptor '/home/olympusforge/Drone_PS/px4_nmpc_ws/install/px4_msgs/share/px4_msgs/hook/cmake_prefix_path.dsv'
[1.169s] INFO:colcon.colcon_core.shell:Creating environment hook '/home/olympusforge/Drone_PS/px4_nmpc_ws/install/px4_msgs/share/px4_msgs/hook/cmake_prefix_path.sh'
[1.170s] Level 1:colcon.colcon_core.environment:checking '/home/olympusforge/Drone_PS/px4_nmpc_ws/install/px4_msgs/lib'
[1.170s] Level 1:colcon.colcon_core.shell:create_environment_hook('px4_msgs', 'ld_library_path_lib')
[1.170s] INFO:colcon.colcon_core.shell:Creating environment hook '/home/olympusforge/Drone_PS/px4_nmpc_ws/install/px4_msgs/share/px4_msgs/hook/ld_library_path_lib.ps1'
[1.170s] INFO:colcon.colcon_core.shell:Creating environment descriptor '/home/olympusforge/Drone_PS/px4_nmpc_ws/install/px4_msgs/share/px4_msgs/hook/ld_library_path_lib.dsv'
[1.170s] INFO:colcon.colcon_core.shell:Creating environment hook '/home/olympusforge/Drone_PS/px4_nmpc_ws/install/px4_msgs/share/px4_msgs/hook/ld_library_path_lib.sh'
[1.170s] Level 1:colcon.colcon_core.environment:checking '/home/olympusforge/Drone_PS/px4_nmpc_ws/install/px4_msgs/bin'
[1.170s] Level 1:colcon.colcon_core.environment:checking '/home/olympusforge/Drone_PS/px4_nmpc_ws/install/px4_msgs/lib/pkgconfig/px4_msgs.pc'
[1.170s] Level 1:colcon.colcon_core.environment:checking '/home/olympusforge/Drone_PS/px4_nmpc_ws/install/px4_msgs/lib/python3.10/site-packages'
[1.171s] Level 1:colcon.colcon_core.environment:checking '/home/olympusforge/Drone_PS/px4_nmpc_ws/install/px4_msgs/bin'
[1.171s] INFO:colcon.colcon_core.shell:Creating package script '/home/olympusforge/Drone_PS/px4_nmpc_ws/install/px4_msgs/share/px4_msgs/package.ps1'
[1.171s] INFO:colcon.colcon_core.shell:Creating package descriptor '/home/olympusforge/Drone_PS/px4_nmpc_ws/install/px4_msgs/share/px4_msgs/package.dsv'
[1.171s] INFO:colcon.colcon_core.shell:Creating package script '/home/olympusforge/Drone_PS/px4_nmpc_ws/install/px4_msgs/share/px4_msgs/package.sh'
[1.171s] INFO:colcon.colcon_core.shell:Creating package script '/home/olympusforge/Drone_PS/px4_nmpc_ws/install/px4_msgs/share/px4_msgs/package.bash'
[1.171s] INFO:colcon.colcon_core.shell:Creating package script '/home/olympusforge/Drone_PS/px4_nmpc_ws/install/px4_msgs/share/px4_msgs/package.zsh'
[1.172s] Level 1:colcon.colcon_core.environment:create_file_with_runtime_dependencies(/home/olympusforge/Drone_PS/px4_nmpc_ws/install/px4_msgs/share/colcon-core/packages/px4_msgs)
[1.172s] Level 1:colcon.colcon_core.environment:create_environment_scripts_only(px4_msgs)
[1.172s] Level 1:colcon.colcon_core.environment:checking '/home/olympusforge/Drone_PS/px4_nmpc_ws/install/px4_msgs' for CMake module files
[1.172s] Level 1:colcon.colcon_core.environment:checking '/home/olympusforge/Drone_PS/px4_nmpc_ws/install/px4_msgs' for CMake config files
[1.172s] Level 1:colcon.colcon_core.shell:create_environment_hook('px4_msgs', 'cmake_prefix_path')
[1.172s] INFO:colcon.colcon_core.shell:Creating environment hook '/home/olympusforge/Drone_PS/px4_nmpc_ws/install/px4_msgs/share/px4_msgs/hook/cmake_prefix_path.ps1'
[1.173s] INFO:colcon.colcon_core.shell:Creating environment descriptor '/home/olympusforge/Drone_PS/px4_nmpc_ws/install/px4_msgs/share/px4_msgs/hook/cmake_prefix_path.dsv'
[1.173s] INFO:colcon.colcon_core.shell:Creating environment hook '/home/olympusforge/Drone_PS/px4_nmpc_ws/install/px4_msgs/share/px4_msgs/hook/cmake_prefix_path.sh'
[1.173s] Level 1:colcon.colcon_core.environment:checking '/home/olympusforge/Drone_PS/px4_nmpc_ws/install/px4_msgs/lib'
[1.173s] Level 1:colcon.colcon_core.shell:create_environment_hook('px4_msgs', 'ld_library_path_lib')
[1.173s] INFO:colcon.colcon_core.shell:Creating environment hook '/home/olympusforge/Drone_PS/px4_nmpc_ws/install/px4_msgs/share/px4_msgs/hook/ld_library_path_lib.ps1'
[1.173s] INFO:colcon.colcon_core.shell:Creating environment descriptor '/home/olympusforge/Drone_PS/px4_nmpc_ws/install/px4_msgs/share/px4_msgs/hook/ld_library_path_lib.dsv'
[1.173s] INFO:colcon.colcon_core.shell:Creating environment hook '/home/olympusforge/Drone_PS/px4_nmpc_ws/install/px4_msgs/share/px4_msgs/hook/ld_library_path_lib.sh'
[1.174s] Level 1:colcon.colcon_core.environment:checking '/home/olympusforge/Drone_PS/px4_nmpc_ws/install/px4_msgs/bin'
[1.174s] Level 1:colcon.colcon_core.environment:checking '/home/olympusforge/Drone_PS/px4_nmpc_ws/install/px4_msgs/lib/pkgconfig/px4_msgs.pc'
[1.174s] Level 1:colcon.colcon_core.environment:checking '/home/olympusforge/Drone_PS/px4_nmpc_ws/install/px4_msgs/lib/python3.10/site-packages'
[1.174s] Level 1:colcon.colcon_core.environment:checking '/home/olympusforge/Drone_PS/px4_nmpc_ws/install/px4_msgs/bin'
[1.174s] INFO:colcon.colcon_core.shell:Creating package script '/home/olympusforge/Drone_PS/px4_nmpc_ws/install/px4_msgs/share/px4_msgs/package.ps1'
[1.174s] INFO:colcon.colcon_core.shell:Creating package descriptor '/home/olympusforge/Drone_PS/px4_nmpc_ws/install/px4_msgs/share/px4_msgs/package.dsv'
[1.174s] INFO:colcon.colcon_core.shell:Creating package script '/home/olympusforge/Drone_PS/px4_nmpc_ws/install/px4_msgs/share/px4_msgs/package.sh'
[1.175s] INFO:colcon.colcon_core.shell:Creating package script '/home/olympusforge/Drone_PS/px4_nmpc_ws/install/px4_msgs/share/px4_msgs/package.bash'
[1.175s] INFO:colcon.colcon_core.shell:Creating package script '/home/olympusforge/Drone_PS/px4_nmpc_ws/install/px4_msgs/share/px4_msgs/package.zsh'
[1.175s] Level 1:colcon.colcon_core.environment:create_file_with_runtime_dependencies(/home/olympusforge/Drone_PS/px4_nmpc_ws/install/px4_msgs/share/colcon-core/packages/px4_msgs)
[1.175s] INFO:colcon.colcon_ros.task.ament_cmake.build:Building ROS package in '/home/olympusforge/Drone_PS/px4_nmpc_ws/src/px4_ros_com' with build type 'ament_cmake'
[1.175s] INFO:colcon.colcon_cmake.task.cmake.build:Building CMake package in '/home/olympusforge/Drone_PS/px4_nmpc_ws/src/px4_ros_com'
[1.175s] INFO:colcon.colcon_core.shell:Skip shell extension 'powershell' for command environment: Not usable outside of PowerShell
[1.175s] DEBUG:colcon.colcon_core.shell:Skip shell extension 'dsv' for command environment
[1.182s] DEBUG:colcon.colcon_core.event_handler.log_command:Invoking command in '/home/olympusforge/Drone_PS/px4_nmpc_ws/build/px4_ros_com': AMENT_PREFIX_PATH=/home/olympusforge/Drone_PS/px4_nmpc_ws/install/px4_msgs:${AMENT_PREFIX_PATH} CMAKE_PREFIX_PATH=/home/olympusforge/Drone_PS/px4_nmpc_ws/install/px4_msgs:/opt/ros/humble LD_LIBRARY_PATH=/home/olympusforge/Drone_PS/px4_nmpc_ws/install/px4_msgs/lib:${LD_LIBRARY_PATH} PYTHONPATH=/home/olympusforge/Drone_PS/px4_nmpc_ws/install/px4_msgs/local/lib/python3.10/dist-packages:${PYTHONPATH} /usr/bin/cmake --build /home/olympusforge/Drone_PS/px4_nmpc_ws/build/px4_ros_com -- -j20 -l20
[1.442s] DEBUG:colcon.colcon_core.event_handler.log_command:Invoked command in '/home/olympusforge/Drone_PS/px4_nmpc_ws/build/px4_ros_com' returned '0': AMENT_PREFIX_PATH=/home/olympusforge/Drone_PS/px4_nmpc_ws/install/px4_msgs:${AMENT_PREFIX_PATH} CMAKE_PREFIX_PATH=/home/olympusforge/Drone_PS/px4_nmpc_ws/install/px4_msgs:/opt/ros/humble LD_LIBRARY_PATH=/home/olympusforge/Drone_PS/px4_nmpc_ws/install/px4_msgs/lib:${LD_LIBRARY_PATH} PYTHONPATH=/home/olympusforge/Drone_PS/px4_nmpc_ws/install/px4_msgs/local/lib/python3.10/dist-packages:${PYTHONPATH} /usr/bin/cmake --build /home/olympusforge/Drone_PS/px4_nmpc_ws/build/px4_ros_com -- -j20 -l20
[1.444s] DEBUG:colcon.colcon_core.event_handler.log_command:Invoking command in '/home/olympusforge/Drone_PS/px4_nmpc_ws/build/px4_ros_com': AMENT_PREFIX_PATH=/home/olympusforge/Drone_PS/px4_nmpc_ws/install/px4_msgs:${AMENT_PREFIX_PATH} CMAKE_PREFIX_PATH=/home/olympusforge/Drone_PS/px4_nmpc_ws/install/px4_msgs:/opt/ros/humble LD_LIBRARY_PATH=/home/olympusforge/Drone_PS/px4_nmpc_ws/install/px4_msgs/lib:${LD_LIBRARY_PATH} PYTHONPATH=/home/olympusforge/Drone_PS/px4_nmpc_ws/install/px4_msgs/local/lib/python3.10/dist-packages:${PYTHONPATH} /usr/bin/cmake --install /home/olympusforge/Drone_PS/px4_nmpc_ws/build/px4_ros_com
[1.491s] Level 1:colcon.colcon_core.environment:create_environment_scripts_only(px4_ros_com)
[1.491s] DEBUG:colcon.colcon_core.event_handler.log_command:Invoked command in '/home/olympusforge/Drone_PS/px4_nmpc_ws/build/px4_ros_com' returned '0': AMENT_PREFIX_PATH=/home/olympusforge/Drone_PS/px4_nmpc_ws/install/px4_msgs:${AMENT_PREFIX_PATH} CMAKE_PREFIX_PATH=/home/olympusforge/Drone_PS/px4_nmpc_ws/install/px4_msgs:/opt/ros/humble LD_LIBRARY_PATH=/home/olympusforge/Drone_PS/px4_nmpc_ws/install/px4_msgs/lib:${LD_LIBRARY_PATH} PYTHONPATH=/home/olympusforge/Drone_PS/px4_nmpc_ws/install/px4_msgs/local/lib/python3.10/dist-packages:${PYTHONPATH} /usr/bin/cmake --install /home/olympusforge/Drone_PS/px4_nmpc_ws/build/px4_ros_com
[1.491s] Level 1:colcon.colcon_core.environment:checking '/home/olympusforge/Drone_PS/px4_nmpc_ws/install/px4_ros_com' for CMake module files
[1.492s] Level 1:colcon.colcon_core.environment:checking '/home/olympusforge/Drone_PS/px4_nmpc_ws/install/px4_ros_com' for CMake config files
[1.492s] Level 1:colcon.colcon_core.shell:create_environment_hook('px4_ros_com', 'cmake_prefix_path')
[1.492s] INFO:colcon.colcon_core.shell:Creating environment hook '/home/olympusforge/Drone_PS/px4_nmpc_ws/install/px4_ros_com/share/px4_ros_com/hook/cmake_prefix_path.ps1'
[1.493s] INFO:colcon.colcon_core.shell:Creating environment descriptor '/home/olympusforge/Drone_PS/px4_nmpc_ws/install/px4_ros_com/share/px4_ros_com/hook/cmake_prefix_path.dsv'
[1.493s] INFO:colcon.colcon_core.shell:Creating environment hook '/home/olympusforge/Drone_PS/px4_nmpc_ws/install/px4_ros_com/share/px4_ros_com/hook/cmake_prefix_path.sh'
[1.494s] Level 1:colcon.colcon_core.environment:checking '/home/olympusforge/Drone_PS/px4_nmpc_ws/install/px4_ros_com/lib'
[1.494s] Level 1:colcon.colcon_core.shell:create_environment_hook('px4_ros_com', 'ld_library_path_lib')
[1.494s] INFO:colcon.colcon_core.shell:Creating environment hook '/home/olympusforge/Drone_PS/px4_nmpc_ws/install/px4_ros_com/share/px4_ros_com/hook/ld_library_path_lib.ps1'
[1.495s] INFO:colcon.colcon_core.shell:Creating environment descriptor '/home/olympusforge/Drone_PS/px4_nmpc_ws/install/px4_ros_com/share/px4_ros_com/hook/ld_library_path_lib.dsv'
[1.495s] INFO:colcon.colcon_core.shell:Creating environment hook '/home/olympusforge/Drone_PS/px4_nmpc_ws/install/px4_ros_com/share/px4_ros_com/hook/ld_library_path_lib.sh'
[1.496s] Level 1:colcon.colcon_core.environment:checking '/home/olympusforge/Drone_PS/px4_nmpc_ws/install/px4_ros_com/bin'
[1.496s] Level 1:colcon.colcon_core.environment:checking '/home/olympusforge/Drone_PS/px4_nmpc_ws/install/px4_ros_com/lib/pkgconfig/px4_ros_com.pc'
[1.496s] Level 1:colcon.colcon_core.environment:checking '/home/olympusforge/Drone_PS/px4_nmpc_ws/install/px4_ros_com/lib/python3.10/site-packages'
[1.497s] Level 1:colcon.colcon_core.environment:checking '/home/olympusforge/Drone_PS/px4_nmpc_ws/install/px4_ros_com/bin'
[1.497s] INFO:colcon.colcon_core.shell:Creating package script '/home/olympusforge/Drone_PS/px4_nmpc_ws/install/px4_ros_com/share/px4_ros_com/package.ps1'
[1.498s] INFO:colcon.colcon_core.shell:Creating package descriptor '/home/olympusforge/Drone_PS/px4_nmpc_ws/install/px4_ros_com/share/px4_ros_com/package.dsv'
[1.499s] INFO:colcon.colcon_core.shell:Creating package script '/home/olympusforge/Drone_PS/px4_nmpc_ws/install/px4_ros_com/share/px4_ros_com/package.sh'
[1.499s] INFO:colcon.colcon_core.shell:Creating package script '/home/olympusforge/Drone_PS/px4_nmpc_ws/install/px4_ros_com/share/px4_ros_com/package.bash'
[1.500s] INFO:colcon.colcon_core.shell:Creating package script '/home/olympusforge/Drone_PS/px4_nmpc_ws/install/px4_ros_com/share/px4_ros_com/package.zsh'
[1.500s] Level 1:colcon.colcon_core.environment:create_file_with_runtime_dependencies(/home/olympusforge/Drone_PS/px4_nmpc_ws/install/px4_ros_com/share/colcon-core/packages/px4_ros_com)
[1.501s] Level 1:colcon.colcon_core.environment:create_environment_scripts_only(px4_ros_com)
[1.501s] Level 1:colcon.colcon_core.environment:checking '/home/olympusforge/Drone_PS/px4_nmpc_ws/install/px4_ros_com' for CMake module files
[1.501s] Level 1:colcon.colcon_core.environment:checking '/home/olympusforge/Drone_PS/px4_nmpc_ws/install/px4_ros_com' for CMake config files
[1.501s] Level 1:colcon.colcon_core.shell:create_environment_hook('px4_ros_com', 'cmake_prefix_path')
[1.502s] INFO:colcon.colcon_core.shell:Creating environment hook '/home/olympusforge/Drone_PS/px4_nmpc_ws/install/px4_ros_com/share/px4_ros_com/hook/cmake_prefix_path.ps1'
[1.502s] INFO:colcon.colcon_core.shell:Creating environment descriptor '/home/olympusforge/Drone_PS/px4_nmpc_ws/install/px4_ros_com/share/px4_ros_com/hook/cmake_prefix_path.dsv'
[1.502s] INFO:colcon.colcon_core.shell:Creating environment hook '/home/olympusforge/Drone_PS/px4_nmpc_ws/install/px4_ros_com/share/px4_ros_com/hook/cmake_prefix_path.sh'
[1.503s] Level 1:colcon.colcon_core.environment:checking '/home/olympusforge/Drone_PS/px4_nmpc_ws/install/px4_ros_com/lib'
[1.503s] Level 1:colcon.colcon_core.shell:create_environment_hook('px4_ros_com', 'ld_library_path_lib')
[1.503s] INFO:colcon.colcon_core.shell:Creating environment hook '/home/olympusforge/Drone_PS/px4_nmpc_ws/install/px4_ros_com/share/px4_ros_com/hook/ld_library_path_lib.ps1'
[1.504s] INFO:colcon.colcon_core.shell:Creating environment descriptor '/home/olympusforge/Drone_PS/px4_nmpc_ws/install/px4_ros_com/share/px4_ros_com/hook/ld_library_path_lib.dsv'
[1.504s] INFO:colcon.colcon_core.shell:Creating environment hook '/home/olympusforge/Drone_PS/px4_nmpc_ws/install/px4_ros_com/share/px4_ros_com/hook/ld_library_path_lib.sh'
[1.505s] Level 1:colcon.colcon_core.environment:checking '/home/olympusforge/Drone_PS/px4_nmpc_ws/install/px4_ros_com/bin'
[1.505s] Level 1:colcon.colcon_core.environment:checking '/home/olympusforge/Drone_PS/px4_nmpc_ws/install/px4_ros_com/lib/pkgconfig/px4_ros_com.pc'
[1.506s] Level 1:colcon.colcon_core.environment:checking '/home/olympusforge/Drone_PS/px4_nmpc_ws/install/px4_ros_com/lib/python3.10/site-packages'
[1.506s] Level 1:colcon.colcon_core.environment:checking '/home/olympusforge/Drone_PS/px4_nmpc_ws/install/px4_ros_com/bin'
[1.506s] INFO:colcon.colcon_core.shell:Creating package script '/home/olympusforge/Drone_PS/px4_nmpc_ws/install/px4_ros_com/share/px4_ros_com/package.ps1'
[1.507s] INFO:colcon.colcon_core.shell:Creating package descriptor '/home/olympusforge/Drone_PS/px4_nmpc_ws/install/px4_ros_com/share/px4_ros_com/package.dsv'
[1.507s] INFO:colcon.colcon_core.shell:Creating package script '/home/olympusforge/Drone_PS/px4_nmpc_ws/install/px4_ros_com/share/px4_ros_com/package.sh'
[1.508s] INFO:colcon.colcon_core.shell:Creating package script '/home/olympusforge/Drone_PS/px4_nmpc_ws/install/px4_ros_com/share/px4_ros_com/package.bash'
[1.508s] INFO:colcon.colcon_core.shell:Creating package script '/home/olympusforge/Drone_PS/px4_nmpc_ws/install/px4_ros_com/share/px4_ros_com/package.zsh'
[1.509s] Level 1:colcon.colcon_core.environment:create_file_with_runtime_dependencies(/home/olympusforge/Drone_PS/px4_nmpc_ws/install/px4_ros_com/share/colcon-core/packages/px4_ros_com)
[1.509s] DEBUG:colcon.colcon_parallel_executor.executor.parallel:closing loop
[1.510s] DEBUG:colcon.colcon_parallel_executor.executor.parallel:loop closed
[1.510s] DEBUG:colcon.colcon_parallel_executor.executor.parallel:run_until_complete finished with '0'
[1.510s] DEBUG:colcon.colcon_core.event_reactor:joining thread
[1.517s] INFO:colcon.colcon_core.plugin_system:Skipping extension 'colcon_notification.desktop_notification.terminal_notifier': Not used on non-Darwin systems
[1.517s] INFO:colcon.colcon_core.plugin_system:Skipping extension 'colcon_notification.desktop_notification.win32': Not used on non-Windows systems
[1.518s] INFO:colcon.colcon_notification.desktop_notification:Sending desktop notification using 'notify2'
[1.535s] DEBUG:colcon.colcon_core.event_reactor:joined thread
[1.535s] INFO:colcon.colcon_core.shell:Creating prefix script '/home/olympusforge/Drone_PS/px4_nmpc_ws/install/local_setup.ps1'
[1.536s] INFO:colcon.colcon_core.shell:Creating prefix util module '/home/olympusforge/Drone_PS/px4_nmpc_ws/install/_local_setup_util_ps1.py'
[1.538s] INFO:colcon.colcon_core.shell:Creating prefix chain script '/home/olympusforge/Drone_PS/px4_nmpc_ws/install/setup.ps1'
[1.538s] INFO:colcon.colcon_core.shell:Creating prefix script '/home/olympusforge/Drone_PS/px4_nmpc_ws/install/local_setup.sh'
[1.538s] INFO:colcon.colcon_core.shell:Creating prefix util module '/home/olympusforge/Drone_PS/px4_nmpc_ws/install/_local_setup_util_sh.py'
[1.539s] INFO:colcon.colcon_core.shell:Creating prefix chain script '/home/olympusforge/Drone_PS/px4_nmpc_ws/install/setup.sh'
[1.539s] INFO:colcon.colcon_core.shell:Creating prefix script '/home/olympusforge/Drone_PS/px4_nmpc_ws/install/local_setup.bash'
[1.540s] INFO:colcon.colcon_core.shell:Creating prefix chain script '/home/olympusforge/Drone_PS/px4_nmpc_ws/install/setup.bash'
[1.541s] INFO:colcon.colcon_core.shell:Creating prefix script '/home/olympusforge/Drone_PS/px4_nmpc_ws/install/local_setup.zsh'
[1.542s] INFO:colcon.colcon_core.shell:Creating prefix chain script '/home/olympusforge/Drone_PS/px4_nmpc_ws/install/setup.zsh'
