[0.012s] Invoking command in '/home/olympusforge/Drone_PS/px4_nmpc_ws/build/nmpc_core': CMAKE_PREFIX_PATH=/opt/ros/humble /usr/bin/cmake --build /home/olympusforge/Drone_PS/px4_nmpc_ws/build/nmpc_core -- -j20 -l20
[0.036s] -- Found ament_cmake: 1.3.11 (/opt/ros/humble/share/ament_cmake/cmake)
[0.134s] -- Found rclpy: 3.3.16 (/opt/ros/humble/share/rclpy/cmake)
[0.140s] [31mCMake Error at CMakeLists.txt:17 (find_package):
[0.140s]   By not providing "Findpx4_msgs.cmake" in CMAKE_MODULE_PATH this project has
[0.140s]   asked CMake to find a package configuration file provided by "px4_msgs",
[0.140s]   but CMake did not find one.
[0.140s] 
[0.140s]   Could not find a package configuration file provided by "px4_msgs" with any
[0.140s]   of the following names:
[0.140s] 
[0.140s]     px4_msgsConfig.cmake
[0.140s]     px4_msgs-config.cmake
[0.140s] 
[0.140s]   Add the installation prefix of "px4_msgs" to CMAKE_PREFIX_PATH or set
[0.140s]   "px4_msgs_DIR" to a directory containing one of the above files.  If
[0.140s]   "px4_msgs" provides a separate development package or SDK, be sure it has
[0.140s]   been installed.
[0.140s] 
[0.141s] [0m
[0.141s] -- Configuring incomplete, errors occurred!
[0.141s] See also "/home/olympusforge/Drone_PS/px4_nmpc_ws/build/nmpc_core/CMakeFiles/CMakeOutput.log".
[0.141s] gmake: *** [Makefile:226: cmake_check_build_system] Error 1
[0.217s] Invoked command in '/home/olympusforge/Drone_PS/px4_nmpc_ws/build/nmpc_core' returned '2': CMAKE_PREFIX_PATH=/opt/ros/humble /usr/bin/cmake --build /home/olympusforge/Drone_PS/px4_nmpc_ws/build/nmpc_core -- -j20 -l20
