[0.677s] Invoking command in '/home/olympusforge/Drone_PS/px4_nmpc_ws/src/px4_nmpc_casadi': PYTHONPATH=/home/olympusforge/Drone_PS/px4_nmpc_ws/build/px4_nmpc_casadi/prefix_override:/usr/lib/python3/dist-packages/colcon_core/task/python/colcon_distutils_commands:/home/olympusforge/Drone_PS/px4_nmpc_ws/install/px4_nmpc_casadi/lib/python3.10/site-packages:${PYTHONPATH} /usr/bin/python3 -W ignore:setup.py install is deprecated -W ignore:easy_install command is deprecated setup.py egg_info --egg-base ../../build/px4_nmpc_casadi build --build-base /home/olympusforge/Drone_PS/px4_nmpc_ws/build/px4_nmpc_casadi/build install --record /home/olympusforge/Drone_PS/px4_nmpc_ws/build/px4_nmpc_casadi/install.log --single-version-externally-managed install_data
[0.885s] running egg_info
[0.886s] writing ../../build/px4_nmpc_casadi/px4_nmpc_casadi.egg-info/PKG-INFO
[0.886s] writing dependency_links to ../../build/px4_nmpc_casadi/px4_nmpc_casadi.egg-info/dependency_links.txt
[0.886s] writing entry points to ../../build/px4_nmpc_casadi/px4_nmpc_casadi.egg-info/entry_points.txt
[0.886s] writing requirements to ../../build/px4_nmpc_casadi/px4_nmpc_casadi.egg-info/requires.txt
[0.886s] writing top-level names to ../../build/px4_nmpc_casadi/px4_nmpc_casadi.egg-info/top_level.txt
[0.887s] reading manifest file '../../build/px4_nmpc_casadi/px4_nmpc_casadi.egg-info/SOURCES.txt'
[0.887s] adding license file 'LICENSE'
[0.888s] writing manifest file '../../build/px4_nmpc_casadi/px4_nmpc_casadi.egg-info/SOURCES.txt'
[0.888s] running build
[0.888s] running build_py
[0.888s] running install
[0.888s] running install_lib
[0.889s] running install_data
[0.889s] running install_egg_info
[0.890s] removing '/home/olympusforge/Drone_PS/px4_nmpc_ws/install/px4_nmpc_casadi/lib/python3.10/site-packages/px4_nmpc_casadi-0.0.0-py3.10.egg-info' (and everything under it)
[0.890s] Copying ../../build/px4_nmpc_casadi/px4_nmpc_casadi.egg-info to /home/olympusforge/Drone_PS/px4_nmpc_ws/install/px4_nmpc_casadi/lib/python3.10/site-packages/px4_nmpc_casadi-0.0.0-py3.10.egg-info
[0.890s] running install_scripts
[0.903s] writing list of installed files to '/home/olympusforge/Drone_PS/px4_nmpc_ws/build/px4_nmpc_casadi/install.log'
[0.927s] Invoked command in '/home/olympusforge/Drone_PS/px4_nmpc_ws/src/px4_nmpc_casadi' returned '0': PYTHONPATH=/home/olympusforge/Drone_PS/px4_nmpc_ws/build/px4_nmpc_casadi/prefix_override:/usr/lib/python3/dist-packages/colcon_core/task/python/colcon_distutils_commands:/home/olympusforge/Drone_PS/px4_nmpc_ws/install/px4_nmpc_casadi/lib/python3.10/site-packages:${PYTHONPATH} /usr/bin/python3 -W ignore:setup.py install is deprecated -W ignore:easy_install command is deprecated setup.py egg_info --egg-base ../../build/px4_nmpc_casadi build --build-base /home/olympusforge/Drone_PS/px4_nmpc_ws/build/px4_nmpc_casadi/build install --record /home/olympusforge/Drone_PS/px4_nmpc_ws/build/px4_nmpc_casadi/install.log --single-version-externally-managed install_data
