[0.007s] Invoking command in '/home/olympusforge/Drone_PS/px4_nmpc_ws/build/nmpc_core': CMAKE_PREFIX_PATH=${CMAKE_PREFIX_PATH}:/home/olympusforge/Drone_PS/px4_nmpc_ws/install/px4_nmpc_casadi:/opt/ros/humble /usr/bin/cmake /home/olympusforge/Drone_PS/px4_nmpc_ws/src/nmpc_core -DAMENT_CMAKE_SYMLINK_INSTALL=1 -DCMAKE_INSTALL_PREFIX=/home/olympusforge/Drone_PS/px4_nmpc_ws/install/nmpc_core
[0.014s] -- Found ament_cmake: 1.3.11 (/opt/ros/humble/share/ament_cmake/cmake)
[0.161s] -- Override CMake install command with custom implementation using symlinks instead of copying resources
[0.171s] -- Found rclpy: 3.3.16 (/opt/ros/humble/share/rclpy/cmake)
[0.172s] -- Found sensor_msgs: 4.9.0 (/opt/ros/humble/share/sensor_msgs/cmake)
[0.202s] -- Found rosidl_generator_c: 3.1.6 (/opt/ros/humble/share/rosidl_generator_c/cmake)
[0.204s] -- Found rosidl_adapter: 3.1.6 (/opt/ros/humble/share/rosidl_adapter/cmake)
[0.211s] -- Found rosidl_generator_cpp: 3.1.6 (/opt/ros/humble/share/rosidl_generator_cpp/cmake)
[0.221s] -- Using all available rosidl_typesupport_c: rosidl_typesupport_fastrtps_c;rosidl_typesupport_introspection_c
[0.235s] -- Using all available rosidl_typesupport_cpp: rosidl_typesupport_fastrtps_cpp;rosidl_typesupport_introspection_cpp
[0.292s] -- Found nav_msgs: 4.9.0 (/opt/ros/humble/share/nav_msgs/cmake)
[0.311s] -- Found ament_lint_auto: 0.12.12 (/opt/ros/humble/share/ament_lint_auto/cmake)
[0.398s] -- Added test 'copyright' to check source files copyright and LICENSE
[0.400s] -- Added test 'flake8' to check Python code syntax and style conventions
[0.400s] -- Added test 'lint_cmake' to check CMake code style
[0.401s] -- Added test 'pep257' to check Python code against some of the docstring style conventions in PEP 257
[0.402s] -- Added test 'xmllint' to check XML markup files
[0.403s] -- Configuring done
[0.408s] -- Generating done
[0.410s] -- Build files have been written to: /home/olympusforge/Drone_PS/px4_nmpc_ws/build/nmpc_core
[0.418s] Invoked command in '/home/olympusforge/Drone_PS/px4_nmpc_ws/build/nmpc_core' returned '0': CMAKE_PREFIX_PATH=${CMAKE_PREFIX_PATH}:/home/olympusforge/Drone_PS/px4_nmpc_ws/install/px4_nmpc_casadi:/opt/ros/humble /usr/bin/cmake /home/olympusforge/Drone_PS/px4_nmpc_ws/src/nmpc_core -DAMENT_CMAKE_SYMLINK_INSTALL=1 -DCMAKE_INSTALL_PREFIX=/home/olympusforge/Drone_PS/px4_nmpc_ws/install/nmpc_core
[0.420s] Invoking command in '/home/olympusforge/Drone_PS/px4_nmpc_ws/build/nmpc_core': CMAKE_PREFIX_PATH=${CMAKE_PREFIX_PATH}:/home/olympusforge/Drone_PS/px4_nmpc_ws/install/px4_nmpc_casadi:/opt/ros/humble /usr/bin/cmake --build /home/olympusforge/Drone_PS/px4_nmpc_ws/build/nmpc_core -- -j20 -l20
[0.485s] Invoked command in '/home/olympusforge/Drone_PS/px4_nmpc_ws/build/nmpc_core' returned '0': CMAKE_PREFIX_PATH=${CMAKE_PREFIX_PATH}:/home/olympusforge/Drone_PS/px4_nmpc_ws/install/px4_nmpc_casadi:/opt/ros/humble /usr/bin/cmake --build /home/olympusforge/Drone_PS/px4_nmpc_ws/build/nmpc_core -- -j20 -l20
[0.501s] Invoking command in '/home/olympusforge/Drone_PS/px4_nmpc_ws/build/nmpc_core': CMAKE_PREFIX_PATH=${CMAKE_PREFIX_PATH}:/home/olympusforge/Drone_PS/px4_nmpc_ws/install/px4_nmpc_casadi:/opt/ros/humble /usr/bin/cmake --install /home/olympusforge/Drone_PS/px4_nmpc_ws/build/nmpc_core
[0.512s] -- Install configuration: ""
[0.513s] -- Execute custom install script
[0.513s] -- Symlinking: /home/olympusforge/Drone_PS/px4_nmpc_ws/install/nmpc_core/lib/nmpc_core/uORB_listener.py
[0.528s] -- Symlinking: /home/olympusforge/Drone_PS/px4_nmpc_ws/install/nmpc_core/lib/nmpc_core/sensor_processor.py
[0.541s] -- Symlinking: /home/olympusforge/Drone_PS/px4_nmpc_ws/install/nmpc_core/lib/nmpc_core/nmpc_trigger.py
[0.556s] -- Symlinking: /home/olympusforge/Drone_PS/px4_nmpc_ws/install/nmpc_core/lib/nmpc_core/nmpc_core_CASADI.py
[0.573s] -- Symlinking: /home/olympusforge/Drone_PS/px4_nmpc_ws/install/nmpc_core/lib/nmpc_core/command_dispatcher.py
[0.588s] -- Symlinking: /home/olympusforge/Drone_PS/px4_nmpc_ws/install/nmpc_core/share/nmpc_core/launch/main.launch.py
[0.602s] -- Symlinking: /home/olympusforge/Drone_PS/px4_nmpc_ws/install/nmpc_core/share/ament_index/resource_index/package_run_dependencies/nmpc_core
[0.613s] -- Symlinking: /home/olympusforge/Drone_PS/px4_nmpc_ws/install/nmpc_core/share/ament_index/resource_index/parent_prefix_path/nmpc_core
[0.625s] -- Symlinking: /home/olympusforge/Drone_PS/px4_nmpc_ws/install/nmpc_core/share/nmpc_core/environment/ament_prefix_path.sh
[0.638s] -- Symlinking: /home/olympusforge/Drone_PS/px4_nmpc_ws/install/nmpc_core/share/nmpc_core/environment/ament_prefix_path.dsv
[0.652s] -- Symlinking: /home/olympusforge/Drone_PS/px4_nmpc_ws/install/nmpc_core/share/nmpc_core/environment/path.sh
[0.668s] -- Symlinking: /home/olympusforge/Drone_PS/px4_nmpc_ws/install/nmpc_core/share/nmpc_core/environment/path.dsv
[0.683s] -- Symlinking: /home/olympusforge/Drone_PS/px4_nmpc_ws/install/nmpc_core/share/nmpc_core/local_setup.bash
[0.695s] -- Symlinking: /home/olympusforge/Drone_PS/px4_nmpc_ws/install/nmpc_core/share/nmpc_core/local_setup.sh
[0.707s] -- Symlinking: /home/olympusforge/Drone_PS/px4_nmpc_ws/install/nmpc_core/share/nmpc_core/local_setup.zsh
[0.720s] -- Symlinking: /home/olympusforge/Drone_PS/px4_nmpc_ws/install/nmpc_core/share/nmpc_core/local_setup.dsv
[0.732s] -- Symlinking: /home/olympusforge/Drone_PS/px4_nmpc_ws/install/nmpc_core/share/nmpc_core/package.dsv
[0.744s] -- Symlinking: /home/olympusforge/Drone_PS/px4_nmpc_ws/install/nmpc_core/share/ament_index/resource_index/packages/nmpc_core
[0.755s] -- Symlinking: /home/olympusforge/Drone_PS/px4_nmpc_ws/install/nmpc_core/share/nmpc_core/cmake/nmpc_coreConfig.cmake
[0.768s] -- Symlinking: /home/olympusforge/Drone_PS/px4_nmpc_ws/install/nmpc_core/share/nmpc_core/cmake/nmpc_coreConfig-version.cmake
[0.780s] -- Symlinking: /home/olympusforge/Drone_PS/px4_nmpc_ws/install/nmpc_core/share/nmpc_core/package.xml
[0.794s] Invoked command in '/home/olympusforge/Drone_PS/px4_nmpc_ws/build/nmpc_core' returned '0': CMAKE_PREFIX_PATH=${CMAKE_PREFIX_PATH}:/home/olympusforge/Drone_PS/px4_nmpc_ws/install/px4_nmpc_casadi:/opt/ros/humble /usr/bin/cmake --install /home/olympusforge/Drone_PS/px4_nmpc_ws/build/nmpc_core
